# JRE version: OpenJDK Runtime Environment (11.0.13) (build 11.0.13+0-b1751.21-8125866)
# Java VM: OpenJDK 64-Bit Server VM (11.0.13+0-b1751.21-8125866, mixed mode, tiered, compressed oops, g1 gc, windows-amd64)
Heap:
 garbage-first heap   total 328704K, used 197976K [0x0000000080000000, 0x0000000100000000)
  region size 1024K, 16 young (16384K), 6 survivors (6144K)
 Metaspace       used 114249K, capacity 117679K, committed 117876K, reserved 1150976K
  class space    used 14467K, capacity 15701K, committed 15820K, reserved 1048576K
GC Heap History (20 events):
Event: 24.161 GC heap before
{Heap before GC invocations=32 (full 0):
 garbage-first heap   total 227328K, used 191934K [0x0000000080000000, 0x0000000100000000)
  region size 1024K, 50 young (51200K), 3 survivors (3072K)
 Metaspace       used 91112K, capacity 93380K, committed 93684K, reserved 1130496K
  class space    used 11724K, capacity 12538K, committed 12620K, reserved 1048576K
}
Event: 24.175 GC heap after
{Heap after GC invocations=33 (full 0):
 garbage-first heap   total 227328K, used 144429K [0x0000000080000000, 0x0000000100000000)
  region size 1024K, 5 young (5120K), 5 survivors (5120K)
 Metaspace       used 91112K, capacity 93380K, committed 93684K, reserved 1130496K
  class space    used 11724K, capacity 12538K, committed 12620K, reserved 1048576K
}
Event: 25.376 GC heap before
{Heap before GC invocations=33 (full 0):
 garbage-first heap   total 227328K, used 190509K [0x0000000080000000, 0x0000000100000000)
  region size 1024K, 51 young (52224K), 5 survivors (5120K)
 Metaspace       used 95856K, capacity 98246K, committed 98420K, reserved 1134592K
  class space    used 12352K, capacity 13192K, committed 13260K, reserved 1048576K
}
Event: 25.394 GC heap after
{Heap after GC invocations=34 (full 0):
 garbage-first heap   total 227328K, used 147776K [0x0000000080000000, 0x0000000100000000)
  region size 1024K, 6 young (6144K), 6 survivors (6144K)
 Metaspace       used 95856K, capacity 98246K, committed 98420K, reserved 1134592K
  class space    used 12352K, capacity 13192K, committed 13260K, reserved 1048576K
}
Event: 26.794 GC heap before
{Heap before GC invocations=35 (full 0):
 garbage-first heap   total 227328K, used 191808K [0x0000000080000000, 0x0000000100000000)
  region size 1024K, 50 young (51200K), 6 survivors (6144K)
 Metaspace       used 96613K, capacity 99021K, committed 99188K, reserved 1134592K
  class space    used 12379K, capacity 13220K, committed 13260K, reserved 1048576K
}
Event: 26.821 GC heap after
{Heap after GC invocations=36 (full 0):
 garbage-first heap   total 273408K, used 151552K [0x0000000080000000, 0x0000000100000000)
  region size 1024K, 7 young (7168K), 7 survivors (7168K)
 Metaspace       used 96613K, capacity 99021K, committed 99188K, reserved 1134592K
  class space    used 12379K, capacity 13220K, committed 13260K, reserved 1048576K
}
Event: 28.333 GC heap before
{Heap before GC invocations=36 (full 0):
 garbage-first heap   total 273408K, used 215040K [0x0000000080000000, 0x0000000100000000)
  region size 1024K, 70 young (71680K), 7 survivors (7168K)
 Metaspace       used 97986K, capacity 100391K, committed 100596K, reserved 1136640K
  class space    used 12480K, capacity 13351K, committed 13388K, reserved 1048576K
}
Event: 28.360 GC heap after
{Heap after GC invocations=37 (full 0):
 garbage-first heap   total 273408K, used 155944K [0x0000000080000000, 0x0000000100000000)
  region size 1024K, 9 young (9216K), 9 survivors (9216K)
 Metaspace       used 97986K, capacity 100391K, committed 100596K, reserved 1136640K
  class space    used 12480K, capacity 13351K, committed 13388K, reserved 1048576K
}
Event: 29.531 GC heap before
{Heap before GC invocations=38 (full 0):
 garbage-first heap   total 273408K, used 219432K [0x0000000080000000, 0x0000000100000000)
  region size 1024K, 71 young (72704K), 9 survivors (9216K)
 Metaspace       used 99192K, capacity 101579K, committed 101876K, reserved 1138688K
  class space    used 12633K, capacity 13550K, committed 13644K, reserved 1048576K
}
Event: 29.554 GC heap after
{Heap after GC invocations=39 (full 0):
 garbage-first heap   total 273408K, used 159233K [0x0000000080000000, 0x0000000100000000)
  region size 1024K, 8 young (8192K), 8 survivors (8192K)
 Metaspace       used 99192K, capacity 101579K, committed 101876K, reserved 1138688K
  class space    used 12633K, capacity 13550K, committed 13644K, reserved 1048576K
}
Event: 30.799 GC heap before
{Heap before GC invocations=39 (full 0):
 garbage-first heap   total 273408K, used 222721K [0x0000000080000000, 0x0000000100000000)
  region size 1024K, 70 young (71680K), 8 survivors (8192K)
 Metaspace       used 103810K, capacity 106275K, committed 106484K, reserved 1142784K
  class space    used 13179K, capacity 14069K, committed 14156K, reserved 1048576K
}
Event: 30.835 GC heap after
{Heap after GC invocations=40 (full 0):
 garbage-first heap   total 273408K, used 162995K [0x0000000080000000, 0x0000000100000000)
  region size 1024K, 7 young (7168K), 7 survivors (7168K)
 Metaspace       used 103810K, capacity 106275K, committed 106484K, reserved 1142784K
  class space    used 13179K, capacity 14069K, committed 14156K, reserved 1048576K
}
Event: 69.624 GC heap before
{Heap before GC invocations=41 (full 0):
 garbage-first heap   total 273408K, used 225459K [0x0000000080000000, 0x0000000100000000)
  region size 1024K, 69 young (70656K), 7 survivors (7168K)
 Metaspace       used 106194K, capacity 109203K, committed 109428K, reserved 1144832K
  class space    used 13455K, capacity 14494K, committed 14540K, reserved 1048576K
}
Event: 69.662 GC heap after
{Heap after GC invocations=42 (full 0):
 garbage-first heap   total 328704K, used 168316K [0x0000000080000000, 0x0000000100000000)
  region size 1024K, 9 young (9216K), 9 survivors (9216K)
 Metaspace       used 106194K, capacity 109203K, committed 109428K, reserved 1144832K
  class space    used 13455K, capacity 14494K, committed 14540K, reserved 1048576K
}
Event: 76.487 GC heap before
{Heap before GC invocations=42 (full 0):
 garbage-first heap   total 328704K, used 255356K [0x0000000080000000, 0x0000000100000000)
  region size 1024K, 95 young (97280K), 9 survivors (9216K)
 Metaspace       used 108467K, capacity 111595K, committed 111860K, reserved 1146880K
  class space    used 13756K, capacity 14849K, committed 14924K, reserved 1048576K
}
Event: 76.544 GC heap after
{Heap after GC invocations=43 (full 0):
 garbage-first heap   total 328704K, used 176128K [0x0000000080000000, 0x0000000100000000)
  region size 1024K, 12 young (12288K), 12 survivors (12288K)
 Metaspace       used 108467K, capacity 111595K, committed 111860K, reserved 1146880K
  class space    used 13756K, capacity 14849K, committed 14924K, reserved 1048576K
}
Event: 79.735 GC heap before
{Heap before GC invocations=44 (full 0):
 garbage-first heap   total 328704K, used 262144K [0x0000000080000000, 0x0000000100000000)
  region size 1024K, 97 young (99328K), 12 survivors (12288K)
 Metaspace       used 110156K, capacity 113314K, committed 113524K, reserved 1148928K
  class space    used 13894K, capacity 14985K, committed 15052K, reserved 1048576K
}
Event: 79.778 GC heap after
{Heap after GC invocations=45 (full 0):
 garbage-first heap   total 328704K, used 183089K [0x0000000080000000, 0x0000000100000000)
  region size 1024K, 7 young (7168K), 7 survivors (7168K)
 Metaspace       used 110156K, capacity 113314K, committed 113524K, reserved 1148928K
  class space    used 13894K, capacity 14985K, committed 15052K, reserved 1048576K
}
Event: 91.659 GC heap before
{Heap before GC invocations=45 (full 0):
 garbage-first heap   total 328704K, used 268081K [0x0000000080000000, 0x0000000100000000)
  region size 1024K, 91 young (93184K), 7 survivors (7168K)
 Metaspace       used 113193K, capacity 116504K, committed 116852K, reserved 1150976K
  class space    used 14280K, capacity 15454K, committed 15564K, reserved 1048576K
}
Event: 91.686 GC heap after
{Heap after GC invocations=46 (full 0):
 garbage-first heap   total 328704K, used 188760K [0x0000000080000000, 0x0000000100000000)
  region size 1024K, 6 young (6144K), 6 survivors (6144K)
 Metaspace       used 113193K, capacity 116504K, committed 116852K, reserved 1150976K
  class space    used 14280K, capacity 15454K, committed 15564K, reserved 1048576K
}

