# JRE version: OpenJDK Runtime Environment (11.0.13) (build 11.0.13+0-b1751.21-8125866)
# Java VM: OpenJDK 64-Bit Server VM (11.0.13+0-b1751.21-8125866, mixed mode, tiered, compressed oops, g1 gc, windows-amd64)
Heap:
 garbage-first heap   total 227328K, used 171703K [0x0000000080000000, 0x0000000100000000)
  region size 1024K, 44 young (45056K), 5 survivors (5120K)
 Metaspace       used 85737K, capacity 87911K, committed 88112K, reserved 1126400K
  class space    used 11104K, capacity 11904K, committed 11904K, reserved 1048576K
GC Heap History (20 events):
Event: 20.380 GC heap before
{Heap before GC invocations=19 (full 0):
 garbage-first heap   total 157696K, used 87316K [0x0000000080000000, 0x0000000100000000)
  region size 1024K, 10 young (10240K), 5 survivors (5120K)
 Metaspace       used 56759K, capacity 58418K, committed 58544K, reserved 1099776K
  class space    used 7254K, capacity 7836K, committed 7936K, reserved 1048576K
}
Event: 20.393 GC heap after
{Heap after GC invocations=20 (full 0):
 garbage-first heap   total 157696K, used 86345K [0x0000000080000000, 0x0000000100000000)
  region size 1024K, 5 young (5120K), 5 survivors (5120K)
 Metaspace       used 56759K, capacity 58418K, committed 58544K, reserved 1099776K
  class space    used 7254K, capacity 7836K, committed 7936K, reserved 1048576K
}
Event: 21.151 GC heap before
{Heap before GC invocations=21 (full 0):
 garbage-first heap   total 157696K, used 127305K [0x0000000080000000, 0x0000000100000000)
  region size 1024K, 39 young (39936K), 5 survivors (5120K)
 Metaspace       used 59831K, capacity 61464K, committed 61744K, reserved 1103872K
  class space    used 7655K, capacity 8235K, committed 8320K, reserved 1048576K
}
Event: 21.161 GC heap after
{Heap after GC invocations=22 (full 0):
 garbage-first heap   total 157696K, used 96736K [0x0000000080000000, 0x0000000100000000)
  region size 1024K, 5 young (5120K), 5 survivors (5120K)
 Metaspace       used 59831K, capacity 61464K, committed 61744K, reserved 1103872K
  class space    used 7655K, capacity 8235K, committed 8320K, reserved 1048576K
}
Event: 22.046 GC heap before
{Heap before GC invocations=22 (full 0):
 garbage-first heap   total 157696K, used 126432K [0x0000000080000000, 0x0000000100000000)
  region size 1024K, 34 young (34816K), 5 survivors (5120K)
 Metaspace       used 64213K, capacity 65939K, committed 66096K, reserved 1105920K
  class space    used 8168K, capacity 8809K, committed 8832K, reserved 1048576K
}
Event: 22.053 GC heap after
{Heap after GC invocations=23 (full 0):
 garbage-first heap   total 157696K, used 98095K [0x0000000080000000, 0x0000000100000000)
  region size 1024K, 2 young (2048K), 2 survivors (2048K)
 Metaspace       used 64213K, capacity 65939K, committed 66096K, reserved 1105920K
  class space    used 8168K, capacity 8809K, committed 8832K, reserved 1048576K
}
Event: 23.193 GC heap before
{Heap before GC invocations=24 (full 0):
 garbage-first heap   total 157696K, used 123695K [0x0000000080000000, 0x0000000100000000)
  region size 1024K, 28 young (28672K), 2 survivors (2048K)
 Metaspace       used 68200K, capacity 70072K, committed 70320K, reserved 1110016K
  class space    used 8673K, capacity 9353K, committed 9472K, reserved 1048576K
}
Event: 23.203 GC heap after
{Heap after GC invocations=25 (full 0):
 garbage-first heap   total 157696K, used 100311K [0x0000000080000000, 0x0000000100000000)
  region size 1024K, 4 young (4096K), 4 survivors (4096K)
 Metaspace       used 68200K, capacity 70072K, committed 70320K, reserved 1110016K
  class space    used 8673K, capacity 9353K, committed 9472K, reserved 1048576K
}
Event: 23.869 GC heap before
{Heap before GC invocations=26 (full 0):
 garbage-first heap   total 157696K, used 137175K [0x0000000080000000, 0x0000000100000000)
  region size 1024K, 33 young (33792K), 4 survivors (4096K)
 Metaspace       used 69641K, capacity 71562K, committed 71728K, reserved 1112064K
  class space    used 8862K, capacity 9548K, committed 9600K, reserved 1048576K
}
Event: 23.881 GC heap after
{Heap after GC invocations=27 (full 0):
 garbage-first heap   total 157696K, used 102720K [0x0000000080000000, 0x0000000100000000)
  region size 1024K, 5 young (5120K), 5 survivors (5120K)
 Metaspace       used 69641K, capacity 71562K, committed 71728K, reserved 1112064K
  class space    used 8862K, capacity 9548K, committed 9600K, reserved 1048576K
}
Event: 24.492 GC heap before
{Heap before GC invocations=27 (full 0):
 garbage-first heap   total 157696K, used 130368K [0x0000000080000000, 0x0000000100000000)
  region size 1024K, 32 young (32768K), 5 survivors (5120K)
 Metaspace       used 71631K, capacity 73455K, committed 73520K, reserved 1114112K
  class space    used 9124K, capacity 9812K, committed 9856K, reserved 1048576K
}
Event: 24.509 GC heap after
{Heap after GC invocations=28 (full 0):
 garbage-first heap   total 189440K, used 104381K [0x0000000080000000, 0x0000000100000000)
  region size 1024K, 2 young (2048K), 2 survivors (2048K)
 Metaspace       used 71631K, capacity 73455K, committed 73520K, reserved 1114112K
  class space    used 9124K, capacity 9812K, committed 9856K, reserved 1048576K
}
Event: 25.945 GC heap before
{Heap before GC invocations=29 (full 0):
 garbage-first heap   total 189440K, used 148413K [0x0000000080000000, 0x0000000100000000)
  region size 1024K, 44 young (45056K), 2 survivors (2048K)
 Metaspace       used 75327K, capacity 77323K, committed 77616K, reserved 1116160K
  class space    used 9574K, capacity 10304K, committed 10368K, reserved 1048576K
}
Event: 25.959 GC heap after
{Heap after GC invocations=30 (full 0):
 garbage-first heap   total 189440K, used 106597K [0x0000000080000000, 0x0000000100000000)
  region size 1024K, 4 young (4096K), 4 survivors (4096K)
 Metaspace       used 75327K, capacity 77323K, committed 77616K, reserved 1116160K
  class space    used 9574K, capacity 10304K, committed 10368K, reserved 1048576K
}
Event: 26.618 GC heap before
{Heap before GC invocations=30 (full 0):
 garbage-first heap   total 189440K, used 150629K [0x0000000080000000, 0x0000000100000000)
  region size 1024K, 47 young (48128K), 4 survivors (4096K)
 Metaspace       used 75777K, capacity 77861K, committed 78000K, reserved 1116160K
  class space    used 9617K, capacity 10376K, committed 10496K, reserved 1048576K
}
Event: 26.640 GC heap after
{Heap after GC invocations=31 (full 0):
 garbage-first heap   total 189440K, used 109798K [0x0000000080000000, 0x0000000100000000)
  region size 1024K, 6 young (6144K), 6 survivors (6144K)
 Metaspace       used 75777K, capacity 77861K, committed 78000K, reserved 1116160K
  class space    used 9617K, capacity 10376K, committed 10496K, reserved 1048576K
}
Event: 27.806 GC heap before
{Heap before GC invocations=32 (full 0):
 garbage-first heap   total 189440K, used 152806K [0x0000000080000000, 0x0000000100000000)
  region size 1024K, 48 young (49152K), 6 survivors (6144K)
 Metaspace       used 80191K, capacity 82262K, committed 82480K, reserved 1120256K
  class space    used 10371K, capacity 11092K, committed 11136K, reserved 1048576K
}
Event: 27.823 GC heap after
{Heap after GC invocations=33 (full 0):
 garbage-first heap   total 189440K, used 111953K [0x0000000080000000, 0x0000000100000000)
  region size 1024K, 3 young (3072K), 3 survivors (3072K)
 Metaspace       used 80191K, capacity 82262K, committed 82480K, reserved 1120256K
  class space    used 10371K, capacity 11092K, committed 11136K, reserved 1048576K
}
Event: 28.961 GC heap before
{Heap before GC invocations=33 (full 0):
 garbage-first heap   total 189440K, used 147793K [0x0000000080000000, 0x0000000100000000)
  region size 1024K, 39 young (39936K), 3 survivors (3072K)
 Metaspace       used 83570K, capacity 85643K, committed 85808K, reserved 1124352K
  class space    used 10810K, capacity 11567K, committed 11648K, reserved 1048576K
}
Event: 28.975 GC heap after
{Heap after GC invocations=34 (full 0):
 garbage-first heap   total 227328K, used 114359K [0x0000000080000000, 0x0000000100000000)
  region size 1024K, 5 young (5120K), 5 survivors (5120K)
 Metaspace       used 83570K, capacity 85643K, committed 85808K, reserved 1124352K
  class space    used 10810K, capacity 11567K, committed 11648K, reserved 1048576K
}

