# JRE version: OpenJDK Runtime Environment (11.0.13) (build 11.0.13+0-b1751.21-8125866)
# Java VM: OpenJDK 64-Bit Server VM (11.0.13+0-b1751.21-8125866, mixed mode, tiered, compressed oops, g1 gc, windows-amd64)
Heap:
 garbage-first heap   total 227328K, used 162479K [0x0000000080000000, 0x0000000100000000)
  region size 1024K, 22 young (22528K), 6 survivors (6144K)
 Metaspace       used 99722K, capacity 102058K, committed 102132K, reserved 1138688K
  class space    used 12838K, capacity 13681K, committed 13696K, reserved 1048576K
GC Heap History (20 events):
Event: 19.441 GC heap before
{Heap before GC invocations=20 (full 0):
 garbage-first heap   total 189440K, used 146132K [0x0000000080000000, 0x0000000100000000)
  region size 1024K, 41 young (41984K), 2 survivors (2048K)
 Metaspace       used 70112K, capacity 71845K, committed 72180K, reserved 1112064K
  class space    used 8874K, capacity 9499K, committed 9600K, reserved 1048576K
}
Event: 19.457 GC heap after
{Heap after GC invocations=21 (full 0):
 garbage-first heap   total 189440K, used 106725K [0x0000000080000000, 0x0000000100000000)
  region size 1024K, 4 young (4096K), 4 survivors (4096K)
 Metaspace       used 70112K, capacity 71845K, committed 72180K, reserved 1112064K
  class space    used 8874K, capacity 9499K, committed 9600K, reserved 1048576K
}
Event: 19.905 GC heap before
{Heap before GC invocations=21 (full 0):
 garbage-first heap   total 189440K, used 147685K [0x0000000080000000, 0x0000000100000000)
  region size 1024K, 44 young (45056K), 4 survivors (4096K)
 Metaspace       used 70462K, capacity 72302K, committed 72436K, reserved 1112064K
  class space    used 8900K, capacity 9567K, committed 9600K, reserved 1048576K
}
Event: 19.921 GC heap after
{Heap after GC invocations=22 (full 0):
 garbage-first heap   total 189440K, used 109649K [0x0000000080000000, 0x0000000100000000)
  region size 1024K, 6 young (6144K), 6 survivors (6144K)
 Metaspace       used 70462K, capacity 72302K, committed 72436K, reserved 1112064K
  class space    used 8900K, capacity 9567K, committed 9600K, reserved 1048576K
}
Event: 20.988 GC heap before
{Heap before GC invocations=23 (full 0):
 garbage-first heap   total 189440K, used 150609K [0x0000000080000000, 0x0000000100000000)
  region size 1024K, 46 young (47104K), 6 survivors (6144K)
 Metaspace       used 74767K, capacity 76665K, committed 76788K, reserved 1116160K
  class space    used 9632K, capacity 10313K, committed 10368K, reserved 1048576K
}
Event: 21.006 GC heap after
{Heap after GC invocations=24 (full 0):
 garbage-first heap   total 189440K, used 111913K [0x0000000080000000, 0x0000000100000000)
  region size 1024K, 6 young (6144K), 6 survivors (6144K)
 Metaspace       used 74767K, capacity 76665K, committed 76788K, reserved 1116160K
  class space    used 9632K, capacity 10313K, committed 10368K, reserved 1048576K
}
Event: 21.849 GC heap before
{Heap before GC invocations=24 (full 0):
 garbage-first heap   total 189440K, used 148777K [0x0000000080000000, 0x0000000100000000)
  region size 1024K, 43 young (44032K), 6 survivors (6144K)
 Metaspace       used 78252K, capacity 80175K, committed 80372K, reserved 1118208K
  class space    used 10091K, capacity 10788K, committed 10880K, reserved 1048576K
}
Event: 21.865 GC heap after
{Heap after GC invocations=25 (full 0):
 garbage-first heap   total 189440K, used 114396K [0x0000000080000000, 0x0000000100000000)
  region size 1024K, 5 young (5120K), 5 survivors (5120K)
 Metaspace       used 78252K, capacity 80175K, committed 80372K, reserved 1118208K
  class space    used 10091K, capacity 10788K, committed 10880K, reserved 1048576K
}
Event: 23.188 GC heap before
{Heap before GC invocations=26 (full 0):
 garbage-first heap   total 189440K, used 171740K [0x0000000080000000, 0x0000000100000000)
  region size 1024K, 44 young (45056K), 5 survivors (5120K)
 Metaspace       used 80300K, capacity 82188K, committed 82420K, reserved 1120256K
  class space    used 10372K, capacity 11064K, committed 11136K, reserved 1048576K
}
Event: 23.204 GC heap after
{Heap after GC invocations=27 (full 0):
 garbage-first heap   total 189440K, used 138935K [0x0000000080000000, 0x0000000100000000)
  region size 1024K, 6 young (6144K), 6 survivors (6144K)
 Metaspace       used 80300K, capacity 82188K, committed 82420K, reserved 1120256K
  class space    used 10372K, capacity 11064K, committed 11136K, reserved 1048576K
}
Event: 23.446 GC heap before
{Heap before GC invocations=27 (full 0):
 garbage-first heap   total 189440K, used 163511K [0x0000000080000000, 0x0000000100000000)
  region size 1024K, 30 young (30720K), 6 survivors (6144K)
 Metaspace       used 81023K, capacity 83147K, committed 83316K, reserved 1122304K
  class space    used 10468K, capacity 11208K, committed 11264K, reserved 1048576K
}
Event: 23.460 GC heap after
{Heap after GC invocations=28 (full 0):
 garbage-first heap   total 227328K, used 140204K [0x0000000080000000, 0x0000000100000000)
  region size 1024K, 1 young (1024K), 1 survivors (1024K)
 Metaspace       used 81023K, capacity 83147K, committed 83316K, reserved 1122304K
  class space    used 10468K, capacity 11208K, committed 11264K, reserved 1048576K
}
Event: 24.001 GC heap before
{Heap before GC invocations=29 (full 0):
 garbage-first heap   total 227328K, used 180140K [0x0000000080000000, 0x0000000100000000)
  region size 1024K, 39 young (39936K), 1 survivors (1024K)
 Metaspace       used 83489K, capacity 85562K, committed 85876K, reserved 1124352K
  class space    used 10675K, capacity 11436K, committed 11520K, reserved 1048576K
}
Event: 24.008 GC heap after
{Heap after GC invocations=30 (full 0):
 garbage-first heap   total 227328K, used 140288K [0x0000000080000000, 0x0000000100000000)
  region size 1024K, 1 young (1024K), 1 survivors (1024K)
 Metaspace       used 83489K, capacity 85562K, committed 85876K, reserved 1124352K
  class space    used 10675K, capacity 11436K, committed 11520K, reserved 1048576K
}
Event: 25.147 GC heap before
{Heap before GC invocations=30 (full 0):
 garbage-first heap   total 227328K, used 181248K [0x0000000080000000, 0x0000000100000000)
  region size 1024K, 41 young (41984K), 1 survivors (1024K)
 Metaspace       used 88830K, capacity 90940K, committed 91252K, reserved 1128448K
  class space    used 11399K, capacity 12170K, committed 12288K, reserved 1048576K
}
Event: 25.160 GC heap after
{Heap after GC invocations=31 (full 0):
 garbage-first heap   total 227328K, used 142168K [0x0000000080000000, 0x0000000100000000)
  region size 1024K, 3 young (3072K), 3 survivors (3072K)
 Metaspace       used 88830K, capacity 90940K, committed 91252K, reserved 1128448K
  class space    used 11399K, capacity 12170K, committed 12288K, reserved 1048576K
}
Event: 26.259 GC heap before
{Heap before GC invocations=32 (full 0):
 garbage-first heap   total 227328K, used 183128K [0x0000000080000000, 0x0000000100000000)
  region size 1024K, 43 young (44032K), 3 survivors (3072K)
 Metaspace       used 92291K, capacity 94525K, committed 94836K, reserved 1132544K
  class space    used 11906K, capacity 12717K, committed 12800K, reserved 1048576K
}
Event: 26.276 GC heap after
{Heap after GC invocations=33 (full 0):
 garbage-first heap   total 227328K, used 144916K [0x0000000080000000, 0x0000000100000000)
  region size 1024K, 6 young (6144K), 6 survivors (6144K)
 Metaspace       used 92291K, capacity 94525K, committed 94836K, reserved 1132544K
  class space    used 11906K, capacity 12717K, committed 12800K, reserved 1048576K
}
Event: 27.427 GC heap before
{Heap before GC invocations=33 (full 0):
 garbage-first heap   total 227328K, used 184852K [0x0000000080000000, 0x0000000100000000)
  region size 1024K, 46 young (47104K), 6 survivors (6144K)
 Metaspace       used 97170K, capacity 99467K, committed 99572K, reserved 1136640K
  class space    used 12504K, capacity 13336K, committed 13440K, reserved 1048576K
}
Event: 27.448 GC heap after
{Heap after GC invocations=34 (full 0):
 garbage-first heap   total 227328K, used 148143K [0x0000000080000000, 0x0000000100000000)
  region size 1024K, 6 young (6144K), 6 survivors (6144K)
 Metaspace       used 97170K, capacity 99467K, committed 99572K, reserved 1136640K
  class space    used 12504K, capacity 13336K, committed 13440K, reserved 1048576K
}

