# JRE version: OpenJDK Runtime Environment (11.0.13) (build 11.0.13+0-b1751.21-8125866)
# Java VM: OpenJDK 64-Bit Server VM (11.0.13+0-b1751.21-8125866, mixed mode, tiered, compressed oops, g1 gc, windows-amd64)
Heap:
 garbage-first heap   total 198656K, used 55417K [0x0000000081c00000, 0x0000000100000000)
  region size 1024K, 4 young (4096K), 3 survivors (3072K)
 Metaspace       used 62403K, capacity 63094K, committed 63476K, reserved 1114112K
  class space    used 6908K, capacity 7197K, committed 7296K, reserved 1048576K
GC Heap History (18 events):
Event: 0.534 GC heap before
{Heap before GC invocations=0 (full 0):
 garbage-first heap   total 131072K, used 18432K [0x0000000081c00000, 0x0000000100000000)
  region size 1024K, 14 young (14336K), 0 survivors (0K)
 Metaspace       used 9729K, capacity 9839K, committed 10112K, reserved 1058816K
  class space    used 813K, capacity 852K, committed 896K, reserved 1048576K
}
Event: 0.538 GC heap after
{Heap after GC invocations=1 (full 0):
 garbage-first heap   total 131072K, used 6263K [0x0000000081c00000, 0x0000000100000000)
  region size 1024K, 2 young (2048K), 2 survivors (2048K)
 Metaspace       used 9729K, capacity 9839K, committed 10112K, reserved 1058816K
  class space    used 813K, capacity 852K, committed 896K, reserved 1048576K
}
Event: 1.685 GC heap before
{Heap before GC invocations=1 (full 0):
 garbage-first heap   total 131072K, used 53367K [0x0000000081c00000, 0x0000000100000000)
  region size 1024K, 49 young (50176K), 2 survivors (2048K)
 Metaspace       used 20971K, capacity 21189K, committed 21248K, reserved 1069056K
  class space    used 2218K, capacity 2301K, committed 2304K, reserved 1048576K
}
Event: 1.698 GC heap after
{Heap after GC invocations=2 (full 0):
 garbage-first heap   total 131072K, used 10867K [0x0000000081c00000, 0x0000000100000000)
  region size 1024K, 7 young (7168K), 7 survivors (7168K)
 Metaspace       used 20971K, capacity 21189K, committed 21248K, reserved 1069056K
  class space    used 2218K, capacity 2301K, committed 2304K, reserved 1048576K
}
Event: 2.912 GC heap before
{Heap before GC invocations=3 (full 0):
 garbage-first heap   total 131072K, used 65139K [0x0000000081c00000, 0x0000000100000000)
  region size 1024K, 54 young (55296K), 7 survivors (7168K)
 Metaspace       used 32198K, capacity 32660K, committed 32892K, reserved 1077248K
  class space    used 3987K, capacity 4185K, committed 4224K, reserved 1048576K
}
Event: 2.937 GC heap after
{Heap after GC invocations=4 (full 0):
 garbage-first heap   total 131072K, used 23395K [0x0000000081c00000, 0x0000000100000000)
  region size 1024K, 7 young (7168K), 7 survivors (7168K)
 Metaspace       used 32198K, capacity 32660K, committed 32892K, reserved 1077248K
  class space    used 3987K, capacity 4185K, committed 4224K, reserved 1048576K
}
Event: 3.273 GC heap before
{Heap before GC invocations=4 (full 0):
 garbage-first heap   total 131072K, used 38755K [0x0000000081c00000, 0x0000000100000000)
  region size 1024K, 23 young (23552K), 7 survivors (7168K)
 Metaspace       used 35441K, capacity 35897K, committed 36048K, reserved 1081344K
  class space    used 4344K, capacity 4539K, committed 4608K, reserved 1048576K
}
Event: 3.288 GC heap after
{Heap after GC invocations=5 (full 0):
 garbage-first heap   total 131072K, used 25760K [0x0000000081c00000, 0x0000000100000000)
  region size 1024K, 3 young (3072K), 3 survivors (3072K)
 Metaspace       used 35441K, capacity 35897K, committed 36048K, reserved 1081344K
  class space    used 4344K, capacity 4539K, committed 4608K, reserved 1048576K
}
Event: 4.665 GC heap before
{Heap before GC invocations=6 (full 0):
 garbage-first heap   total 131072K, used 84128K [0x0000000081c00000, 0x0000000100000000)
  region size 1024K, 58 young (59392K), 3 survivors (3072K)
 Metaspace       used 47253K, capacity 47853K, committed 48080K, reserved 1091584K
  class space    used 5558K, capacity 5811K, committed 5888K, reserved 1048576K
}
Event: 4.681 GC heap after
{Heap after GC invocations=7 (full 0):
 garbage-first heap   total 157696K, used 30685K [0x0000000081c00000, 0x0000000100000000)
  region size 1024K, 8 young (8192K), 8 survivors (8192K)
 Metaspace       used 47253K, capacity 47853K, committed 48080K, reserved 1091584K
  class space    used 5558K, capacity 5811K, committed 5888K, reserved 1048576K
}
Event: 6.948 GC heap before
{Heap before GC invocations=7 (full 0):
 garbage-first heap   total 157696K, used 117725K [0x0000000081c00000, 0x0000000100000000)
  region size 1024K, 92 young (94208K), 8 survivors (8192K)
 Metaspace       used 53359K, capacity 54015K, committed 54224K, reserved 1097728K
  class space    used 6045K, capacity 6301K, committed 6400K, reserved 1048576K
}
Event: 6.983 GC heap after
{Heap after GC invocations=8 (full 0):
 garbage-first heap   total 157696K, used 41792K [0x0000000081c00000, 0x0000000100000000)
  region size 1024K, 12 young (12288K), 12 survivors (12288K)
 Metaspace       used 53359K, capacity 54015K, committed 54224K, reserved 1097728K
  class space    used 6045K, capacity 6301K, committed 6400K, reserved 1048576K
}
Event: 7.454 GC heap before
{Heap before GC invocations=8 (full 0):
 garbage-first heap   total 157696K, used 78656K [0x0000000081c00000, 0x0000000100000000)
  region size 1024K, 48 young (49152K), 12 survivors (12288K)
 Metaspace       used 53813K, capacity 54416K, committed 54736K, reserved 1097728K
  class space    used 6065K, capacity 6305K, committed 6400K, reserved 1048576K
}
Event: 7.493 GC heap after
{Heap after GC invocations=9 (full 0):
 garbage-first heap   total 157696K, used 47423K [0x0000000081c00000, 0x0000000100000000)
  region size 1024K, 5 young (5120K), 5 survivors (5120K)
 Metaspace       used 53813K, capacity 54416K, committed 54736K, reserved 1097728K
  class space    used 6065K, capacity 6305K, committed 6400K, reserved 1048576K
}
Event: 8.664 GC heap before
{Heap before GC invocations=9 (full 0):
 garbage-first heap   total 157696K, used 102719K [0x0000000081c00000, 0x0000000100000000)
  region size 1024K, 59 young (60416K), 5 survivors (5120K)
 Metaspace       used 57350K, capacity 57987K, committed 58192K, reserved 1101824K
  class space    used 6434K, capacity 6683K, committed 6784K, reserved 1048576K
}
Event: 8.692 GC heap after
{Heap after GC invocations=10 (full 0):
 garbage-first heap   total 157696K, used 52987K [0x0000000081c00000, 0x0000000100000000)
  region size 1024K, 6 young (6144K), 6 survivors (6144K)
 Metaspace       used 57350K, capacity 57987K, committed 58192K, reserved 1101824K
  class space    used 6434K, capacity 6683K, committed 6784K, reserved 1048576K
}
Event: 9.366 GC heap before
{Heap before GC invocations=10 (full 0):
 garbage-first heap   total 157696K, used 68347K [0x0000000081c00000, 0x0000000100000000)
  region size 1024K, 22 young (22528K), 6 survivors (6144K)
 Metaspace       used 59735K, capacity 60413K, committed 60496K, reserved 1103872K
  class space    used 6662K, capacity 6963K, committed 7040K, reserved 1048576K
}
Event: 9.383 GC heap after
{Heap after GC invocations=11 (full 0):
 garbage-first heap   total 198656K, used 54996K [0x0000000081c00000, 0x0000000100000000)
  region size 1024K, 3 young (3072K), 3 survivors (3072K)
 Metaspace       used 59735K, capacity 60413K, committed 60496K, reserved 1103872K
  class space    used 6662K, capacity 6963K, committed 7040K, reserved 1048576K
}

