# JRE version: OpenJDK Runtime Environment (11.0.13) (build 11.0.13+0-b1751.21-8125866)
# Java VM: OpenJDK 64-Bit Server VM (11.0.13+0-b1751.21-8125866, mixed mode, tiered, compressed oops, g1 gc, windows-amd64)
Heap:
 garbage-first heap   total 227328K, used 153347K [0x0000000080000000, 0x0000000100000000)
  region size 1024K, 10 young (10240K), 2 survivors (2048K)
 Metaspace       used 88478K, capacity 90745K, committed 90800K, reserved 1128448K
  class space    used 11472K, capacity 12286K, committed 12288K, reserved 1048576K
GC Heap History (20 events):
Event: 29.019 GC heap before
{Heap before GC invocations=33 (full 0):
 garbage-first heap   total 157696K, used 133467K [0x0000000080000000, 0x0000000100000000)
  region size 1024K, 30 young (30720K), 4 survivors (4096K)
 Metaspace       used 75474K, capacity 77550K, committed 77616K, reserved 1116160K
  class space    used 9585K, capacity 10315K, committed 10368K, reserved 1048576K
}
Event: 29.033 GC heap after
{Heap after GC invocations=34 (full 0):
 garbage-first heap   total 157696K, used 108946K [0x0000000080000000, 0x0000000100000000)
  region size 1024K, 4 young (4096K), 4 survivors (4096K)
 Metaspace       used 75474K, capacity 77550K, committed 77616K, reserved 1116160K
  class space    used 9585K, capacity 10315K, committed 10368K, reserved 1048576K
}
Event: 29.507 GC heap before
{Heap before GC invocations=34 (full 0):
 garbage-first heap   total 157696K, used 133522K [0x0000000080000000, 0x0000000100000000)
  region size 1024K, 29 young (29696K), 4 survivors (4096K)
 Metaspace       used 77766K, capacity 79846K, committed 80048K, reserved 1118208K
  class space    used 9928K, capacity 10671K, committed 10752K, reserved 1048576K
}
Event: 29.522 GC heap after
{Heap after GC invocations=35 (full 0):
 garbage-first heap   total 157696K, used 110349K [0x0000000080000000, 0x0000000100000000)
  region size 1024K, 4 young (4096K), 4 survivors (4096K)
 Metaspace       used 77766K, capacity 79846K, committed 80048K, reserved 1118208K
  class space    used 9928K, capacity 10671K, committed 10752K, reserved 1048576K
}
Event: 30.063 GC heap before
{Heap before GC invocations=36 (full 0):
 garbage-first heap   total 157696K, used 133901K [0x0000000080000000, 0x0000000100000000)
  region size 1024K, 28 young (28672K), 4 survivors (4096K)
 Metaspace       used 80725K, capacity 82814K, committed 83120K, reserved 1122304K
  class space    used 10440K, capacity 11164K, committed 11264K, reserved 1048576K
}
Event: 30.075 GC heap after
{Heap after GC invocations=37 (full 0):
 garbage-first heap   total 189440K, used 111814K [0x0000000080000000, 0x0000000100000000)
  region size 1024K, 3 young (3072K), 3 survivors (3072K)
 Metaspace       used 80725K, capacity 82814K, committed 83120K, reserved 1122304K
  class space    used 10440K, capacity 11164K, committed 11264K, reserved 1048576K
}
Event: 30.687 GC heap before
{Heap before GC invocations=37 (full 0):
 garbage-first heap   total 189440K, used 138438K [0x0000000080000000, 0x0000000100000000)
  region size 1024K, 30 young (30720K), 3 survivors (3072K)
 Metaspace       used 83268K, capacity 85423K, committed 85552K, reserved 1124352K
  class space    used 10775K, capacity 11536K, committed 11648K, reserved 1048576K
}
Event: 30.702 GC heap after
{Heap after GC invocations=38 (full 0):
 garbage-first heap   total 189440K, used 113853K [0x0000000080000000, 0x0000000100000000)
  region size 1024K, 5 young (5120K), 5 survivors (5120K)
 Metaspace       used 83268K, capacity 85423K, committed 85552K, reserved 1124352K
  class space    used 10775K, capacity 11536K, committed 11648K, reserved 1048576K
}
Event: 31.858 GC heap before
{Heap before GC invocations=39 (full 0):
 garbage-first heap   total 189440K, used 173245K [0x0000000080000000, 0x0000000100000000)
  region size 1024K, 42 young (43008K), 5 survivors (5120K)
 Metaspace       used 85327K, capacity 87549K, committed 87600K, reserved 1124352K
  class space    used 11057K, capacity 11869K, committed 11904K, reserved 1048576K
}
Event: 31.877 GC heap after
{Heap after GC invocations=40 (full 0):
 garbage-first heap   total 189440K, used 143670K [0x0000000080000000, 0x0000000100000000)
  region size 1024K, 6 young (6144K), 6 survivors (6144K)
 Metaspace       used 85327K, capacity 87549K, committed 87600K, reserved 1124352K
  class space    used 11057K, capacity 11869K, committed 11904K, reserved 1048576K
}
Event: 32.149 GC heap before
{Heap before GC invocations=40 (full 0):
 garbage-first heap   total 189440K, used 163126K [0x0000000080000000, 0x0000000100000000)
  region size 1024K, 25 young (25600K), 6 survivors (6144K)
 Metaspace       used 85745K, capacity 87892K, committed 87984K, reserved 1126400K
  class space    used 11111K, capacity 11941K, committed 12032K, reserved 1048576K
}
Event: 32.158 GC heap after
{Heap after GC invocations=41 (full 0):
 garbage-first heap   total 189440K, used 144416K [0x0000000080000000, 0x0000000100000000)
  region size 1024K, 1 young (1024K), 1 survivors (1024K)
 Metaspace       used 85745K, capacity 87892K, committed 87984K, reserved 1126400K
  class space    used 11111K, capacity 11941K, committed 12032K, reserved 1048576K
}
Event: 32.384 GC heap before
{Heap before GC invocations=41 (full 0):
 garbage-first heap   total 189440K, used 163872K [0x0000000080000000, 0x0000000100000000)
  region size 1024K, 20 young (20480K), 1 survivors (1024K)
 Metaspace       used 86272K, capacity 88404K, committed 88496K, reserved 1126400K
  class space    used 11170K, capacity 12005K, committed 12032K, reserved 1048576K
}
Event: 32.387 GC heap after
{Heap after GC invocations=42 (full 0):
 garbage-first heap   total 189440K, used 144492K [0x0000000080000000, 0x0000000100000000)
  region size 1024K, 1 young (1024K), 1 survivors (1024K)
 Metaspace       used 86272K, capacity 88404K, committed 88496K, reserved 1126400K
  class space    used 11170K, capacity 12005K, committed 12032K, reserved 1048576K
}
Event: 32.662 GC heap before
{Heap before GC invocations=43 (full 0):
 garbage-first heap   total 189440K, used 163948K [0x0000000080000000, 0x0000000100000000)
  region size 1024K, 20 young (20480K), 1 survivors (1024K)
 Metaspace       used 86919K, capacity 89154K, committed 89392K, reserved 1126400K
  class space    used 11255K, capacity 12077K, committed 12160K, reserved 1048576K
}
Event: 32.666 GC heap after
{Heap after GC invocations=44 (full 0):
 garbage-first heap   total 189440K, used 144636K [0x0000000080000000, 0x0000000100000000)
  region size 1024K, 1 young (1024K), 1 survivors (1024K)
 Metaspace       used 86919K, capacity 89154K, committed 89392K, reserved 1126400K
  class space    used 11255K, capacity 12077K, committed 12160K, reserved 1048576K
}
Event: 32.934 GC heap before
{Heap before GC invocations=44 (full 0):
 garbage-first heap   total 189440K, used 164092K [0x0000000080000000, 0x0000000100000000)
  region size 1024K, 20 young (20480K), 1 survivors (1024K)
 Metaspace       used 87605K, capacity 89871K, committed 90032K, reserved 1126400K
  class space    used 11369K, capacity 12187K, committed 12288K, reserved 1048576K
}
Event: 32.942 GC heap after
{Heap after GC invocations=45 (full 0):
 garbage-first heap   total 189440K, used 145922K [0x0000000080000000, 0x0000000100000000)
  region size 1024K, 3 young (3072K), 3 survivors (3072K)
 Metaspace       used 87605K, capacity 89871K, committed 90032K, reserved 1126400K
  class space    used 11369K, capacity 12187K, committed 12288K, reserved 1048576K
}
Event: 33.164 GC heap before
{Heap before GC invocations=45 (full 0):
 garbage-first heap   total 189440K, used 164354K [0x0000000080000000, 0x0000000100000000)
  region size 1024K, 21 young (21504K), 3 survivors (3072K)
 Metaspace       used 88246K, capacity 90457K, committed 90544K, reserved 1128448K
  class space    used 11447K, capacity 12254K, committed 12288K, reserved 1048576K
}
Event: 33.173 GC heap after
{Heap after GC invocations=46 (full 0):
 garbage-first heap   total 227328K, used 146179K [0x0000000080000000, 0x0000000100000000)
  region size 1024K, 2 young (2048K), 2 survivors (2048K)
 Metaspace       used 88246K, capacity 90457K, committed 90544K, reserved 1128448K
  class space    used 11447K, capacity 12254K, committed 12288K, reserved 1048576K
}

