# JRE version: Java(TM) SE Runtime Environment (19.0.1+10) (build 19.0.1+10-21)
# Java VM: Java HotSpot(TM) 64-Bit Server VM (19.0.1+10-21, mixed mode, sharing, tiered, compressed oops, compressed class ptrs, g1 gc, windows-amd64)
GC Precious Log:
 CardTable entry size: 512
 Card Set container configuration: InlinePtr #cards 5 size 8 Array Of Cards #cards 12 size 40 Howl #buckets 4 coarsen threshold 1843 Howl Bitmap #cards 512 size 80 coarsen threshold 460 Card regions per heap region 1 cards per card region 2048
 CPUs: 4 total, 4 available
 Memory: 8073M
 Large Page Support: Disabled
 NUMA Support: Disabled
 Compressed Oops: Enabled (32-bit)
 Heap Region Size: 1M
 Heap Min Capacity: 8M
 Heap Initial Capacity: 128M
 Heap Max Capacity: 2020M
 Pre-touch: Disabled
 Parallel Workers: 4
 Concurrent Workers: 1
 Concurrent Refinement Workers: 4
 Periodic GC: Disabled
Heap:
 garbage-first heap   total 131072K, used 49575K [0x0000000081c00000, 0x0000000100000000)
  region size 1024K, 2 young (2048K), 2 survivors (2048K)
 Metaspace       used 49721K, committed 50496K, reserved 1114112K
  class space    used 5832K, committed 6208K, reserved 1048576K
GC Heap History (20 events):
Event: 2.855 GC heap after
{Heap after GC invocations=3 (full 0):
 garbage-first heap   total 131072K, used 17263K [0x0000000081c00000, 0x0000000100000000)
  region size 1024K, 7 young (7168K), 7 survivors (7168K)
 Metaspace       used 21255K, committed 21504K, reserved 1114112K
  class space    used 2450K, committed 2560K, reserved 1048576K
}
Event: 3.895 GC heap before
{Heap before GC invocations=4 (full 0):
 garbage-first heap   total 65536K, used 51055K [0x0000000081c00000, 0x0000000100000000)
  region size 1024K, 38 young (38912K), 7 survivors (7168K)
 Metaspace       used 27015K, committed 27328K, reserved 1114112K
  class space    used 3514K, committed 3648K, reserved 1048576K
}
Event: 3.926 GC heap after
{Heap after GC invocations=5 (full 0):
 garbage-first heap   total 65536K, used 24558K [0x0000000081c00000, 0x0000000100000000)
  region size 1024K, 5 young (5120K), 5 survivors (5120K)
 Metaspace       used 27015K, committed 27328K, reserved 1114112K
  class space    used 3514K, committed 3648K, reserved 1048576K
}
Event: 3.940 GC heap before
{Heap before GC invocations=5 (full 0):
 garbage-first heap   total 65536K, used 25582K [0x0000000081c00000, 0x0000000100000000)
  region size 1024K, 6 young (6144K), 5 survivors (5120K)
 Metaspace       used 27045K, committed 27328K, reserved 1114112K
  class space    used 3516K, committed 3648K, reserved 1048576K
}
Event: 3.950 GC heap after
{Heap after GC invocations=6 (full 0):
 garbage-first heap   total 65536K, used 25556K [0x0000000081c00000, 0x0000000100000000)
  region size 1024K, 1 young (1024K), 1 survivors (1024K)
 Metaspace       used 27045K, committed 27328K, reserved 1114112K
  class space    used 3516K, committed 3648K, reserved 1048576K
}
Event: 4.456 GC heap before
{Heap before GC invocations=6 (full 0):
 garbage-first heap   total 65536K, used 46036K [0x0000000081c00000, 0x0000000100000000)
  region size 1024K, 22 young (22528K), 1 survivors (1024K)
 Metaspace       used 30841K, committed 31168K, reserved 1114112K
  class space    used 3888K, committed 4032K, reserved 1048576K
}
Event: 4.463 GC heap after
{Heap after GC invocations=7 (full 0):
 garbage-first heap   total 65536K, used 25316K [0x0000000081c00000, 0x0000000100000000)
  region size 1024K, 3 young (3072K), 3 survivors (3072K)
 Metaspace       used 30841K, committed 31168K, reserved 1114112K
  class space    used 3888K, committed 4032K, reserved 1048576K
}
Event: 5.163 GC heap before
{Heap before GC invocations=7 (full 0):
 garbage-first heap   total 65536K, used 46820K [0x0000000081c00000, 0x0000000100000000)
  region size 1024K, 24 young (24576K), 3 survivors (3072K)
 Metaspace       used 34396K, committed 34944K, reserved 1114112K
  class space    used 4265K, committed 4544K, reserved 1048576K
}
Event: 5.176 GC heap after
{Heap after GC invocations=8 (full 0):
 garbage-first heap   total 131072K, used 27345K [0x0000000081c00000, 0x0000000100000000)
  region size 1024K, 2 young (2048K), 2 survivors (2048K)
 Metaspace       used 34396K, committed 34944K, reserved 1114112K
  class space    used 4265K, committed 4544K, reserved 1048576K
}
Event: 5.493 GC heap before
{Heap before GC invocations=8 (full 0):
 garbage-first heap   total 131072K, used 32465K [0x0000000081c00000, 0x0000000100000000)
  region size 1024K, 8 young (8192K), 2 survivors (2048K)
 Metaspace       used 35203K, committed 35968K, reserved 1114112K
  class space    used 4389K, committed 4800K, reserved 1048576K
}
Event: 5.502 GC heap after
{Heap after GC invocations=9 (full 0):
 garbage-first heap   total 131072K, used 27755K [0x0000000081c00000, 0x0000000100000000)
  region size 1024K, 3 young (3072K), 3 survivors (3072K)
 Metaspace       used 35203K, committed 35968K, reserved 1114112K
  class space    used 4389K, committed 4800K, reserved 1048576K
}
Event: 7.551 GC heap before
{Heap before GC invocations=10 (full 0):
 garbage-first heap   total 99328K, used 87147K [0x0000000081c00000, 0x0000000100000000)
  region size 1024K, 58 young (59392K), 3 survivors (3072K)
 Metaspace       used 42520K, committed 43264K, reserved 1114112K
  class space    used 5142K, committed 5504K, reserved 1048576K
}
Event: 7.571 GC heap after
{Heap after GC invocations=11 (full 0):
 garbage-first heap   total 99328K, used 35419K [0x0000000081c00000, 0x0000000100000000)
  region size 1024K, 8 young (8192K), 8 survivors (8192K)
 Metaspace       used 42520K, committed 43264K, reserved 1114112K
  class space    used 5142K, committed 5504K, reserved 1048576K
}
Event: 7.603 GC heap before
{Heap before GC invocations=11 (full 0):
 garbage-first heap   total 99328K, used 36443K [0x0000000081c00000, 0x0000000100000000)
  region size 1024K, 9 young (9216K), 8 survivors (8192K)
 Metaspace       used 42687K, committed 43456K, reserved 1114112K
  class space    used 5168K, committed 5568K, reserved 1048576K
}
Event: 7.622 GC heap after
{Heap after GC invocations=12 (full 0):
 garbage-first heap   total 99328K, used 36148K [0x0000000081c00000, 0x0000000100000000)
  region size 1024K, 1 young (1024K), 1 survivors (1024K)
 Metaspace       used 42687K, committed 43456K, reserved 1114112K
  class space    used 5168K, committed 5568K, reserved 1048576K
}
Event: 9.819 GC heap before
{Heap before GC invocations=12 (full 0):
 garbage-first heap   total 99328K, used 73012K [0x0000000081c00000, 0x0000000100000000)
  region size 1024K, 38 young (38912K), 1 survivors (1024K)
 Metaspace       used 49038K, committed 49856K, reserved 1114112K
  class space    used 5803K, committed 6208K, reserved 1048576K
}
Event: 9.839 GC heap after
{Heap after GC invocations=13 (full 0):
 garbage-first heap   total 99328K, used 41472K [0x0000000081c00000, 0x0000000100000000)
  region size 1024K, 5 young (5120K), 5 survivors (5120K)
 Metaspace       used 49038K, committed 49856K, reserved 1114112K
  class space    used 5803K, committed 6208K, reserved 1048576K
}
Event: 11.410 GC heap before
{Heap before GC invocations=13 (full 0):
 garbage-first heap   total 99328K, used 75264K [0x0000000081c00000, 0x0000000100000000)
  region size 1024K, 38 young (38912K), 5 survivors (5120K)
 Metaspace       used 49508K, committed 50304K, reserved 1114112K
  class space    used 5814K, committed 6208K, reserved 1048576K
}
Event: 11.446 GC heap after
{Heap after GC invocations=14 (full 0):
 garbage-first heap   total 99328K, used 47300K [0x0000000081c00000, 0x0000000100000000)
  region size 1024K, 5 young (5120K), 5 survivors (5120K)
 Metaspace       used 49508K, committed 50304K, reserved 1114112K
  class space    used 5814K, committed 6208K, reserved 1048576K
}
Event: 11.967 GC heap before
{Heap before GC invocations=14 (full 0):
 garbage-first heap   total 99328K, used 75972K [0x0000000081c00000, 0x0000000100000000)
  region size 1024K, 33 young (33792K), 5 survivors (5120K)
 Metaspace       used 49721K, committed 50496K, reserved 1114112K
  class space    used 5832K, committed 6208K, reserved 1048576K
}

