# JRE version: OpenJDK Runtime Environment (11.0.13) (build 11.0.13+0-b1751.21-8125866)
# Java VM: OpenJDK 64-Bit Server VM (11.0.13+0-b1751.21-8125866, mixed mode, tiered, compressed oops, g1 gc, windows-amd64)
Heap:
 garbage-first heap   total 227328K, used 171357K [0x0000000080000000, 0x0000000100000000)
  region size 1024K, 95 young (97280K), 12 survivors (12288K)
 Metaspace       used 95831K, capacity 98046K, committed 98384K, reserved 1134592K
  class space    used 12267K, capacity 13107K, committed 13216K, reserved 1048576K
GC Heap History (20 events):
Event: 11.479 GC heap before
{Heap before GC invocations=11 (full 0):
 garbage-first heap   total 157696K, used 100070K [0x0000000080000000, 0x0000000100000000)
  region size 1024K, 79 young (80896K), 8 survivors (8192K)
 Metaspace       used 46376K, capacity 47493K, committed 47696K, reserved 1091584K
  class space    used 5871K, capacity 6297K, committed 6304K, reserved 1048576K
}
Event: 11.499 GC heap after
{Heap after GC invocations=12 (full 0):
 garbage-first heap   total 157696K, used 29863K [0x0000000080000000, 0x0000000100000000)
  region size 1024K, 7 young (7168K), 7 survivors (7168K)
 Metaspace       used 46376K, capacity 47493K, committed 47696K, reserved 1091584K
  class space    used 5871K, capacity 6297K, committed 6304K, reserved 1048576K
}
Event: 13.739 GC heap before
{Heap before GC invocations=12 (full 0):
 garbage-first heap   total 157696K, used 113831K [0x0000000080000000, 0x0000000100000000)
  region size 1024K, 80 young (81920K), 7 survivors (7168K)
 Metaspace       used 50205K, capacity 51506K, committed 51536K, reserved 1093632K
  class space    used 6316K, capacity 6788K, committed 6816K, reserved 1048576K
}
Event: 13.760 GC heap after
{Heap after GC invocations=13 (full 0):
 garbage-first heap   total 157696K, used 48425K [0x0000000080000000, 0x0000000100000000)
  region size 1024K, 10 young (10240K), 10 survivors (10240K)
 Metaspace       used 50205K, capacity 51506K, committed 51536K, reserved 1093632K
  class space    used 6316K, capacity 6788K, committed 6816K, reserved 1048576K
}
Event: 15.512 GC heap before
{Heap before GC invocations=13 (full 0):
 garbage-first heap   total 157696K, used 110889K [0x0000000080000000, 0x0000000100000000)
  region size 1024K, 72 young (73728K), 10 survivors (10240K)
 Metaspace       used 59028K, capacity 60478K, committed 60508K, reserved 1101824K
  class space    used 7432K, capacity 7963K, committed 7968K, reserved 1048576K
}
Event: 15.533 GC heap after
{Heap after GC invocations=14 (full 0):
 garbage-first heap   total 157696K, used 51910K [0x0000000080000000, 0x0000000100000000)
  region size 1024K, 3 young (3072K), 3 survivors (3072K)
 Metaspace       used 59028K, capacity 60478K, committed 60508K, reserved 1101824K
  class space    used 7432K, capacity 7963K, committed 7968K, reserved 1048576K
}
Event: 17.371 GC heap before
{Heap before GC invocations=15 (full 0):
 garbage-first heap   total 157696K, used 122566K [0x0000000080000000, 0x0000000100000000)
  region size 1024K, 66 young (67584K), 3 survivors (3072K)
 Metaspace       used 63942K, capacity 65470K, committed 65744K, reserved 1105920K
  class space    used 8011K, capacity 8615K, committed 8736K, reserved 1048576K
}
Event: 17.390 GC heap after
{Heap after GC invocations=16 (full 0):
 garbage-first heap   total 189440K, used 57519K [0x0000000080000000, 0x0000000100000000)
  region size 1024K, 9 young (9216K), 9 survivors (9216K)
 Metaspace       used 63942K, capacity 65470K, committed 65744K, reserved 1105920K
  class space    used 8011K, capacity 8615K, committed 8736K, reserved 1048576K
}
Event: 19.210 GC heap before
{Heap before GC invocations=16 (full 0):
 garbage-first heap   total 189440K, used 133295K [0x0000000080000000, 0x0000000100000000)
  region size 1024K, 82 young (83968K), 9 survivors (9216K)
 Metaspace       used 68008K, capacity 69550K, committed 69840K, reserved 1110016K
  class space    used 8547K, capacity 9174K, committed 9248K, reserved 1048576K
}
Event: 19.232 GC heap after
{Heap after GC invocations=17 (full 0):
 garbage-first heap   total 189440K, used 62403K [0x0000000080000000, 0x0000000100000000)
  region size 1024K, 5 young (5120K), 5 survivors (5120K)
 Metaspace       used 68008K, capacity 69550K, committed 69840K, reserved 1110016K
  class space    used 8547K, capacity 9174K, committed 9248K, reserved 1048576K
}
Event: 21.262 GC heap before
{Heap before GC invocations=17 (full 0):
 garbage-first heap   total 189440K, used 138179K [0x0000000080000000, 0x0000000100000000)
  region size 1024K, 79 young (80896K), 5 survivors (5120K)
 Metaspace       used 74512K, capacity 76105K, committed 76240K, reserved 1116160K
  class space    used 9542K, capacity 10154K, committed 10272K, reserved 1048576K
}
Event: 21.288 GC heap after
{Heap after GC invocations=18 (full 0):
 garbage-first heap   total 189440K, used 66208K [0x0000000080000000, 0x0000000100000000)
  region size 1024K, 9 young (9216K), 9 survivors (9216K)
 Metaspace       used 74512K, capacity 76105K, committed 76240K, reserved 1116160K
  class space    used 9542K, capacity 10154K, committed 10272K, reserved 1048576K
}
Event: 23.752 GC heap before
{Heap before GC invocations=18 (full 0):
 garbage-first heap   total 189440K, used 141984K [0x0000000080000000, 0x0000000100000000)
  region size 1024K, 83 young (84992K), 9 survivors (9216K)
 Metaspace       used 81878K, capacity 83654K, committed 83920K, reserved 1122304K
  class space    used 10558K, capacity 11232K, committed 11296K, reserved 1048576K
}
Event: 23.779 GC heap after
{Heap after GC invocations=19 (full 0):
 garbage-first heap   total 189440K, used 71194K [0x0000000080000000, 0x0000000100000000)
  region size 1024K, 10 young (10240K), 10 survivors (10240K)
 Metaspace       used 81878K, capacity 83654K, committed 83920K, reserved 1122304K
  class space    used 10558K, capacity 11232K, committed 11296K, reserved 1048576K
}
Event: 26.415 GC heap before
{Heap before GC invocations=19 (full 0):
 garbage-first heap   total 189440K, used 143898K [0x0000000080000000, 0x0000000100000000)
  region size 1024K, 82 young (83968K), 10 survivors (10240K)
 Metaspace       used 85914K, capacity 87935K, committed 88144K, reserved 1126400K
  class space    used 11147K, capacity 11928K, committed 11936K, reserved 1048576K
}
Event: 26.446 GC heap after
{Heap after GC invocations=20 (full 0):
 garbage-first heap   total 227328K, used 76906K [0x0000000080000000, 0x0000000100000000)
  region size 1024K, 11 young (11264K), 11 survivors (11264K)
 Metaspace       used 85914K, capacity 87935K, committed 88144K, reserved 1126400K
  class space    used 11147K, capacity 11928K, committed 11936K, reserved 1048576K
}
Event: 28.980 GC heap before
{Heap before GC invocations=20 (full 0):
 garbage-first heap   total 227328K, used 165994K [0x0000000080000000, 0x0000000100000000)
  region size 1024K, 99 young (101376K), 11 survivors (11264K)
 Metaspace       used 86841K, capacity 88890K, committed 89040K, reserved 1126400K
  class space    used 11201K, capacity 11992K, committed 12064K, reserved 1048576K
}
Event: 29.023 GC heap after
{Heap after GC invocations=21 (full 0):
 garbage-first heap   total 227328K, used 83829K [0x0000000080000000, 0x0000000100000000)
  region size 1024K, 13 young (13312K), 13 survivors (13312K)
 Metaspace       used 86841K, capacity 88890K, committed 89040K, reserved 1126400K
  class space    used 11201K, capacity 11992K, committed 12064K, reserved 1048576K
}
Event: 31.363 GC heap before
{Heap before GC invocations=21 (full 0):
 garbage-first heap   total 227328K, used 178037K [0x0000000080000000, 0x0000000100000000)
  region size 1024K, 106 young (108544K), 13 survivors (13312K)
 Metaspace       used 92722K, capacity 94843K, committed 95184K, reserved 1132544K
  class space    used 11909K, capacity 12705K, committed 12832K, reserved 1048576K
}
Event: 31.396 GC heap after
{Heap after GC invocations=22 (full 0):
 garbage-first heap   total 227328K, used 88413K [0x0000000080000000, 0x0000000100000000)
  region size 1024K, 12 young (12288K), 12 survivors (12288K)
 Metaspace       used 92722K, capacity 94843K, committed 95184K, reserved 1132544K
  class space    used 11909K, capacity 12705K, committed 12832K, reserved 1048576K
}

