# JRE version: OpenJDK Runtime Environment (11.0.13) (build 11.0.13+0-b1751.21-8125866)
# Java VM: OpenJDK 64-Bit Server VM (11.0.13+0-b1751.21-8125866, mixed mode, tiered, compressed oops, g1 gc, windows-amd64)
Heap:
 garbage-first heap   total 227328K, used 164560K [0x0000000080000000, 0x0000000100000000)
  region size 1024K, 26 young (26624K), 3 survivors (3072K)
 Metaspace       used 87973K, capacity 90080K, committed 90160K, reserved 1128448K
  class space    used 11333K, capacity 12091K, committed 12160K, reserved 1048576K
GC Heap History (20 events):
Event: 19.833 GC heap before
{Heap before GC invocations=22 (full 0):
 garbage-first heap   total 189440K, used 124306K [0x0000000080000000, 0x0000000100000000)
  region size 1024K, 29 young (29696K), 5 survivors (5120K)
 Metaspace       used 66827K, capacity 68510K, committed 68656K, reserved 1110016K
  class space    used 8450K, capacity 9041K, committed 9088K, reserved 1048576K
}
Event: 19.844 GC heap after
{Heap after GC invocations=23 (full 0):
 garbage-first heap   total 189440K, used 102277K [0x0000000080000000, 0x0000000100000000)
  region size 1024K, 2 young (2048K), 2 survivors (2048K)
 Metaspace       used 66827K, capacity 68510K, committed 68656K, reserved 1110016K
  class space    used 8450K, capacity 9041K, committed 9088K, reserved 1048576K
}
Event: 21.036 GC heap before
{Heap before GC invocations=24 (full 0):
 garbage-first heap   total 189440K, used 140165K [0x0000000080000000, 0x0000000100000000)
  region size 1024K, 38 young (38912K), 2 survivors (2048K)
 Metaspace       used 70016K, capacity 71774K, committed 71856K, reserved 1112064K
  class space    used 8849K, capacity 9461K, committed 9472K, reserved 1048576K
}
Event: 21.046 GC heap after
{Heap after GC invocations=25 (full 0):
 garbage-first heap   total 189440K, used 103745K [0x0000000080000000, 0x0000000100000000)
  region size 1024K, 4 young (4096K), 4 survivors (4096K)
 Metaspace       used 70016K, capacity 71774K, committed 71856K, reserved 1112064K
  class space    used 8849K, capacity 9461K, committed 9472K, reserved 1048576K
}
Event: 21.571 GC heap before
{Heap before GC invocations=25 (full 0):
 garbage-first heap   total 189440K, used 141633K [0x0000000080000000, 0x0000000100000000)
  region size 1024K, 41 young (41984K), 4 survivors (4096K)
 Metaspace       used 70216K, capacity 72109K, committed 72240K, reserved 1112064K
  class space    used 8884K, capacity 9531K, committed 9600K, reserved 1048576K
}
Event: 21.587 GC heap after
{Heap after GC invocations=26 (full 0):
 garbage-first heap   total 189440K, used 106649K [0x0000000080000000, 0x0000000100000000)
  region size 1024K, 6 young (6144K), 6 survivors (6144K)
 Metaspace       used 70216K, capacity 72109K, committed 72240K, reserved 1112064K
  class space    used 8884K, capacity 9531K, committed 9600K, reserved 1048576K
}
Event: 22.611 GC heap before
{Heap before GC invocations=27 (full 0):
 garbage-first heap   total 189440K, used 145561K [0x0000000080000000, 0x0000000100000000)
  region size 1024K, 44 young (45056K), 6 survivors (6144K)
 Metaspace       used 73820K, capacity 75658K, committed 75952K, reserved 1116160K
  class space    used 9455K, capacity 10113K, committed 10240K, reserved 1048576K
}
Event: 22.628 GC heap after
{Heap after GC invocations=28 (full 0):
 garbage-first heap   total 189440K, used 108642K [0x0000000080000000, 0x0000000100000000)
  region size 1024K, 5 young (5120K), 5 survivors (5120K)
 Metaspace       used 73820K, capacity 75658K, committed 75952K, reserved 1116160K
  class space    used 9455K, capacity 10113K, committed 10240K, reserved 1048576K
}
Event: 23.831 GC heap before
{Heap before GC invocations=28 (full 0):
 garbage-first heap   total 189440K, used 148578K [0x0000000080000000, 0x0000000100000000)
  region size 1024K, 44 young (45056K), 5 survivors (5120K)
 Metaspace       used 77624K, capacity 79568K, committed 79792K, reserved 1118208K
  class space    used 10009K, capacity 10721K, committed 10752K, reserved 1048576K
}
Event: 23.849 GC heap after
{Heap after GC invocations=29 (full 0):
 garbage-first heap   total 189440K, used 111284K [0x0000000080000000, 0x0000000100000000)
  region size 1024K, 5 young (5120K), 5 survivors (5120K)
 Metaspace       used 77624K, capacity 79568K, committed 79792K, reserved 1118208K
  class space    used 10009K, capacity 10721K, committed 10752K, reserved 1048576K
}
Event: 24.192 GC heap before
{Heap before GC invocations=30 (full 0):
 garbage-first heap   total 189440K, used 122548K [0x0000000080000000, 0x0000000100000000)
  region size 1024K, 11 young (11264K), 5 survivors (5120K)
 Metaspace       used 78226K, capacity 80115K, committed 80432K, reserved 1118208K
  class space    used 10083K, capacity 10754K, committed 10880K, reserved 1048576K
}
Event: 24.206 GC heap after
{Heap after GC invocations=31 (full 0):
 garbage-first heap   total 227328K, used 119808K [0x0000000080000000, 0x0000000100000000)
  region size 1024K, 5 young (5120K), 5 survivors (5120K)
 Metaspace       used 78226K, capacity 80115K, committed 80432K, reserved 1118208K
  class space    used 10083K, capacity 10754K, committed 10880K, reserved 1048576K
}
Event: 25.564 GC heap before
{Heap before GC invocations=32 (full 0):
 garbage-first heap   total 227328K, used 182272K [0x0000000080000000, 0x0000000100000000)
  region size 1024K, 54 young (55296K), 5 survivors (5120K)
 Metaspace       used 80661K, capacity 82664K, committed 82864K, reserved 1120256K
  class space    used 10423K, capacity 11143K, committed 11264K, reserved 1048576K
}
Event: 25.579 GC heap after
{Heap after GC invocations=33 (full 0):
 garbage-first heap   total 227328K, used 138741K [0x0000000080000000, 0x0000000100000000)
  region size 1024K, 7 young (7168K), 7 survivors (7168K)
 Metaspace       used 80661K, capacity 82664K, committed 82864K, reserved 1120256K
  class space    used 10423K, capacity 11143K, committed 11264K, reserved 1048576K
}
Event: 25.828 GC heap before
{Heap before GC invocations=33 (full 0):
 garbage-first heap   total 227328K, used 181749K [0x0000000080000000, 0x0000000100000000)
  region size 1024K, 49 young (50176K), 7 survivors (7168K)
 Metaspace       used 81849K, capacity 83902K, committed 84016K, reserved 1122304K
  class space    used 10579K, capacity 11315K, committed 11392K, reserved 1048576K
}
Event: 25.836 GC heap after
{Heap after GC invocations=34 (full 0):
 garbage-first heap   total 227328K, used 139147K [0x0000000080000000, 0x0000000100000000)
  region size 1024K, 1 young (1024K), 1 survivors (1024K)
 Metaspace       used 81849K, capacity 83902K, committed 84016K, reserved 1122304K
  class space    used 10579K, capacity 11315K, committed 11392K, reserved 1048576K
}
Event: 26.621 GC heap before
{Heap before GC invocations=35 (full 0):
 garbage-first heap   total 227328K, used 183179K [0x0000000080000000, 0x0000000100000000)
  region size 1024K, 44 young (45056K), 1 survivors (1024K)
 Metaspace       used 83355K, capacity 85513K, committed 85808K, reserved 1124352K
  class space    used 10778K, capacity 11552K, committed 11648K, reserved 1048576K
}
Event: 26.629 GC heap after
{Heap after GC invocations=36 (full 0):
 garbage-first heap   total 227328K, used 140317K [0x0000000080000000, 0x0000000100000000)
  region size 1024K, 2 young (2048K), 2 survivors (2048K)
 Metaspace       used 83355K, capacity 85513K, committed 85808K, reserved 1124352K
  class space    used 10778K, capacity 11552K, committed 11648K, reserved 1048576K
}
Event: 26.851 GC heap before
{Heap before GC invocations=36 (full 0):
 garbage-first heap   total 227328K, used 158749K [0x0000000080000000, 0x0000000100000000)
  region size 1024K, 21 young (21504K), 2 survivors (2048K)
 Metaspace       used 84374K, capacity 86511K, committed 86704K, reserved 1124352K
  class space    used 10897K, capacity 11649K, committed 11776K, reserved 1048576K
}
Event: 26.858 GC heap after
{Heap after GC invocations=37 (full 0):
 garbage-first heap   total 227328K, used 141008K [0x0000000080000000, 0x0000000100000000)
  region size 1024K, 3 young (3072K), 3 survivors (3072K)
 Metaspace       used 84374K, capacity 86511K, committed 86704K, reserved 1124352K
  class space    used 10897K, capacity 11649K, committed 11776K, reserved 1048576K
}

