# JRE version: OpenJDK Runtime Environment (11.0.13) (build 11.0.13+0-b1751.21-8125866)
# Java VM: OpenJDK 64-Bit Server VM (11.0.13+0-b1751.21-8125866, mixed mode, tiered, compressed oops, g1 gc, windows-amd64)
Heap:
 garbage-first heap   total 274432K, used 171611K [0x0000000080000000, 0x0000000100000000)
  region size 1024K, 23 young (23552K), 9 survivors (9216K)
 Metaspace       used 108867K, capacity 111694K, committed 111844K, reserved 1146880K
  class space    used 13909K, capacity 15032K, committed 15084K, reserved 1048576K
GC Heap History (20 events):
Event: 34.230 GC heap before
{Heap before GC invocations=22 (full 0):
 garbage-first heap   total 227328K, used 182689K [0x0000000080000000, 0x0000000100000000)
  region size 1024K, 94 young (96256K), 6 survivors (6144K)
 Metaspace       used 94931K, capacity 97169K, committed 97320K, reserved 1134592K
  class space    used 12154K, capacity 12964K, committed 13036K, reserved 1048576K
}
Event: 34.254 GC heap after
{Heap after GC invocations=23 (full 0):
 garbage-first heap   total 227328K, used 100264K [0x0000000080000000, 0x0000000100000000)
  region size 1024K, 12 young (12288K), 12 survivors (12288K)
 Metaspace       used 94931K, capacity 97169K, committed 97320K, reserved 1134592K
  class space    used 12154K, capacity 12964K, committed 13036K, reserved 1048576K
}
Event: 35.297 GC heap before
{Heap before GC invocations=23 (full 0):
 garbage-first heap   total 227328K, used 172968K [0x0000000080000000, 0x0000000100000000)
  region size 1024K, 85 young (87040K), 12 survivors (12288K)
 Metaspace       used 98853K, capacity 101200K, committed 101288K, reserved 1136640K
  class space    used 12682K, capacity 13588K, committed 13676K, reserved 1048576K
}
Event: 35.345 GC heap after
{Heap after GC invocations=24 (full 0):
 garbage-first heap   total 227328K, used 112640K [0x0000000080000000, 0x0000000100000000)
  region size 1024K, 12 young (12288K), 12 survivors (12288K)
 Metaspace       used 98853K, capacity 101200K, committed 101288K, reserved 1136640K
  class space    used 12682K, capacity 13588K, committed 13676K, reserved 1048576K
}
Event: 36.481 GC heap before
{Heap before GC invocations=25 (full 0):
 garbage-first heap   total 227328K, used 179200K [0x0000000080000000, 0x0000000100000000)
  region size 1024K, 78 young (79872K), 12 survivors (12288K)
 Metaspace       used 101101K, capacity 103549K, committed 103908K, reserved 1138688K
  class space    used 12966K, capacity 13934K, committed 14060K, reserved 1048576K
}
Event: 36.559 GC heap after
{Heap after GC invocations=26 (full 0):
 garbage-first heap   total 227328K, used 122338K [0x0000000080000000, 0x0000000100000000)
  region size 1024K, 10 young (10240K), 10 survivors (10240K)
 Metaspace       used 101101K, capacity 103549K, committed 103908K, reserved 1138688K
  class space    used 12966K, capacity 13934K, committed 14060K, reserved 1048576K
}
Event: 37.562 GC heap before
{Heap before GC invocations=27 (full 0):
 garbage-first heap   total 227328K, used 179682K [0x0000000080000000, 0x0000000100000000)
  region size 1024K, 67 young (68608K), 10 survivors (10240K)
 Metaspace       used 103018K, capacity 105526K, committed 105700K, reserved 1140736K
  class space    used 13277K, capacity 14230K, committed 14316K, reserved 1048576K
}
Event: 37.620 GC heap after
{Heap after GC invocations=28 (full 0):
 garbage-first heap   total 227328K, used 133120K [0x0000000080000000, 0x0000000100000000)
  region size 1024K, 9 young (9216K), 9 survivors (9216K)
 Metaspace       used 103018K, capacity 105526K, committed 105700K, reserved 1140736K
  class space    used 13277K, capacity 14230K, committed 14316K, reserved 1048576K
}
Event: 38.927 GC heap before
{Heap before GC invocations=28 (full 0):
 garbage-first heap   total 227328K, used 183296K [0x0000000080000000, 0x0000000100000000)
  region size 1024K, 58 young (59392K), 9 survivors (9216K)
 Metaspace       used 104564K, capacity 107087K, committed 107236K, reserved 1142784K
  class space    used 13488K, capacity 14483K, committed 14572K, reserved 1048576K
}
Event: 38.977 GC heap after
{Heap after GC invocations=29 (full 0):
 garbage-first heap   total 227328K, used 141771K [0x0000000080000000, 0x0000000100000000)
  region size 1024K, 8 young (8192K), 8 survivors (8192K)
 Metaspace       used 104564K, capacity 107087K, committed 107236K, reserved 1142784K
  class space    used 13488K, capacity 14483K, committed 14572K, reserved 1048576K
}
Event: 40.399 GC heap before
{Heap before GC invocations=30 (full 0):
 garbage-first heap   total 227328K, used 184779K [0x0000000080000000, 0x0000000100000000)
  region size 1024K, 51 young (52224K), 8 survivors (8192K)
 Metaspace       used 105463K, capacity 107981K, committed 108260K, reserved 1142784K
  class space    used 13508K, capacity 14462K, committed 14572K, reserved 1048576K
}
Event: 40.429 GC heap after
{Heap after GC invocations=31 (full 0):
 garbage-first heap   total 274432K, used 145213K [0x0000000080000000, 0x0000000100000000)
  region size 1024K, 5 young (5120K), 5 survivors (5120K)
 Metaspace       used 105463K, capacity 107981K, committed 108260K, reserved 1142784K
  class space    used 13508K, capacity 14462K, committed 14572K, reserved 1048576K
}
Event: 41.941 GC heap before
{Heap before GC invocations=31 (full 0):
 garbage-first heap   total 274432K, used 211773K [0x0000000080000000, 0x0000000100000000)
  region size 1024K, 70 young (71680K), 5 survivors (5120K)
 Metaspace       used 106372K, capacity 108920K, committed 109156K, reserved 1144832K
  class space    used 13581K, capacity 14553K, committed 14700K, reserved 1048576K
}
Event: 41.958 GC heap after
{Heap after GC invocations=32 (full 0):
 garbage-first heap   total 274432K, used 147132K [0x0000000080000000, 0x0000000100000000)
  region size 1024K, 7 young (7168K), 7 survivors (7168K)
 Metaspace       used 106372K, capacity 108920K, committed 109156K, reserved 1144832K
  class space    used 13581K, capacity 14553K, committed 14700K, reserved 1048576K
}
Event: 44.164 GC heap before
{Heap before GC invocations=33 (full 0):
 garbage-first heap   total 274432K, used 214716K [0x0000000080000000, 0x0000000100000000)
  region size 1024K, 74 young (75776K), 7 survivors (7168K)
 Metaspace       used 108548K, capacity 111347K, committed 111588K, reserved 1146880K
  class space    used 13879K, capacity 14986K, committed 15084K, reserved 1048576K
}
Event: 44.208 GC heap after
{Heap after GC invocations=34 (full 0):
 garbage-first heap   total 274432K, used 150160K [0x0000000080000000, 0x0000000100000000)
  region size 1024K, 6 young (6144K), 6 survivors (6144K)
 Metaspace       used 108548K, capacity 111347K, committed 111588K, reserved 1146880K
  class space    used 13879K, capacity 14986K, committed 15084K, reserved 1048576K
}
Event: 45.337 GC heap before
{Heap before GC invocations=34 (full 0):
 garbage-first heap   total 274432K, used 218768K [0x0000000080000000, 0x0000000100000000)
  region size 1024K, 74 young (75776K), 6 survivors (6144K)
 Metaspace       used 108800K, capacity 111614K, committed 111844K, reserved 1146880K
  class space    used 13906K, capacity 15029K, committed 15084K, reserved 1048576K
}
Event: 45.358 GC heap after
{Heap after GC invocations=35 (full 0):
 garbage-first heap   total 274432K, used 152377K [0x0000000080000000, 0x0000000100000000)
  region size 1024K, 8 young (8192K), 8 survivors (8192K)
 Metaspace       used 108800K, capacity 111614K, committed 111844K, reserved 1146880K
  class space    used 13906K, capacity 15029K, committed 15084K, reserved 1048576K
}
Event: 46.541 GC heap before
{Heap before GC invocations=36 (full 0):
 garbage-first heap   total 274432K, used 223033K [0x0000000080000000, 0x0000000100000000)
  region size 1024K, 77 young (78848K), 8 survivors (8192K)
 Metaspace       used 108855K, capacity 111692K, committed 111844K, reserved 1146880K
  class space    used 13908K, capacity 15032K, committed 15084K, reserved 1048576K
}
Event: 46.573 GC heap after
{Heap after GC invocations=37 (full 0):
 garbage-first heap   total 274432K, used 158299K [0x0000000080000000, 0x0000000100000000)
  region size 1024K, 9 young (9216K), 9 survivors (9216K)
 Metaspace       used 108855K, capacity 111692K, committed 111844K, reserved 1146880K
  class space    used 13908K, capacity 15032K, committed 15084K, reserved 1048576K
}

