# JRE version: OpenJDK Runtime Environment (11.0.13) (build 11.0.13+0-b1751.21-8125866)
# Java VM: OpenJDK 64-Bit Server VM (11.0.13+0-b1751.21-8125866, mixed mode, tiered, compressed oops, g1 gc, windows-amd64)
Heap:
 garbage-first heap   total 485376K, used 245069K [0x0000000080000000, 0x0000000100000000)
  region size 1024K, 3 young (3072K), 3 survivors (3072K)
 Metaspace       used 106501K, capacity 109109K, committed 109264K, reserved 1144832K
  class space    used 13803K, capacity 14802K, committed 14880K, reserved 1048576K
GC Heap History (20 events):
Event: 30.641 GC heap after
{Heap after GC invocations=24 (full 0):
 garbage-first heap   total 273408K, used 114243K [0x0000000080000000, 0x0000000100000000)
  region size 1024K, 12 young (12288K), 12 survivors (12288K)
 Metaspace       used 98698K, capacity 100988K, committed 101072K, reserved 1136640K
  class space    used 12661K, capacity 13532K, committed 13600K, reserved 1048576K
}
Event: 31.334 GC heap before
{Heap before GC invocations=25 (full 0):
 garbage-first heap   total 273408K, used 180803K [0x0000000080000000, 0x0000000100000000)
  region size 1024K, 56 young (57344K), 12 survivors (12288K)
 Metaspace       used 98942K, capacity 101217K, committed 101584K, reserved 1136640K
  class space    used 12678K, capacity 13520K, committed 13600K, reserved 1048576K
}
Event: 31.435 GC heap after
{Heap after GC invocations=26 (full 0):
 garbage-first heap   total 273408K, used 139263K [0x0000000080000000, 0x0000000100000000)
  region size 1024K, 14 young (14336K), 14 survivors (14336K)
 Metaspace       used 98942K, capacity 101217K, committed 101584K, reserved 1136640K
  class space    used 12678K, capacity 13520K, committed 13600K, reserved 1048576K
}
Event: 32.529 GC heap before
{Heap before GC invocations=27 (full 0):
 garbage-first heap   total 273408K, used 205823K [0x0000000080000000, 0x0000000100000000)
  region size 1024K, 78 young (79872K), 14 survivors (14336K)
 Metaspace       used 101234K, capacity 103589K, committed 103888K, reserved 1138688K
  class space    used 13132K, capacity 14031K, committed 14112K, reserved 1048576K
}
Event: 32.627 GC heap after
{Heap after GC invocations=28 (full 0):
 garbage-first heap   total 273408K, used 168283K [0x0000000080000000, 0x0000000100000000)
  region size 1024K, 10 young (10240K), 10 survivors (10240K)
 Metaspace       used 101234K, capacity 103589K, committed 103888K, reserved 1138688K
  class space    used 13132K, capacity 14031K, committed 14112K, reserved 1048576K
}
Event: 32.946 GC heap before
{Heap before GC invocations=28 (full 0):
 garbage-first heap   total 273408K, used 211291K [0x0000000080000000, 0x0000000100000000)
  region size 1024K, 52 young (53248K), 10 survivors (10240K)
 Metaspace       used 101280K, capacity 103590K, committed 103888K, reserved 1138688K
  class space    used 13132K, capacity 14031K, committed 14112K, reserved 1048576K
}
Event: 33.051 GC heap after
{Heap after GC invocations=29 (full 0):
 garbage-first heap   total 273408K, used 190464K [0x0000000080000000, 0x0000000100000000)
  region size 1024K, 7 young (7168K), 7 survivors (7168K)
 Metaspace       used 101280K, capacity 103590K, committed 103888K, reserved 1138688K
  class space    used 13132K, capacity 14031K, committed 14112K, reserved 1048576K
}
Event: 33.461 GC heap before
{Heap before GC invocations=29 (full 0):
 garbage-first heap   total 273408K, used 217088K [0x0000000080000000, 0x0000000100000000)
  region size 1024K, 34 young (34816K), 7 survivors (7168K)
 Metaspace       used 101283K, capacity 103590K, committed 103888K, reserved 1138688K
  class space    used 13132K, capacity 14031K, committed 14112K, reserved 1048576K
}
Event: 33.515 GC heap after
{Heap after GC invocations=30 (full 0):
 garbage-first heap   total 273408K, used 205824K [0x0000000080000000, 0x0000000100000000)
  region size 1024K, 5 young (5120K), 5 survivors (5120K)
 Metaspace       used 101283K, capacity 103590K, committed 103888K, reserved 1138688K
  class space    used 13132K, capacity 14031K, committed 14112K, reserved 1048576K
}
Event: 34.330 GC heap before
{Heap before GC invocations=31 (full 0):
 garbage-first heap   total 273408K, used 223232K [0x0000000080000000, 0x0000000100000000)
  region size 1024K, 23 young (23552K), 5 survivors (5120K)
 Metaspace       used 103316K, capacity 105721K, committed 105936K, reserved 1140736K
  class space    used 13403K, capacity 14310K, committed 14368K, reserved 1048576K
}
Event: 34.357 GC heap after
{Heap after GC invocations=32 (full 0):
 garbage-first heap   total 404480K, used 209258K [0x0000000080000000, 0x0000000100000000)
  region size 1024K, 3 young (3072K), 3 survivors (3072K)
 Metaspace       used 103316K, capacity 105721K, committed 105936K, reserved 1140736K
  class space    used 13403K, capacity 14310K, committed 14368K, reserved 1048576K
}
Event: 35.694 GC heap before
{Heap before GC invocations=32 (full 0):
 garbage-first heap   total 404480K, used 270698K [0x0000000080000000, 0x0000000100000000)
  region size 1024K, 64 young (65536K), 3 survivors (3072K)
 Metaspace       used 104738K, capacity 107305K, committed 107472K, reserved 1142784K
  class space    used 13587K, capacity 14592K, committed 14624K, reserved 1048576K
}
Event: 35.739 GC heap after
{Heap after GC invocations=33 (full 0):
 garbage-first heap   total 404480K, used 214111K [0x0000000080000000, 0x0000000100000000)
  region size 1024K, 8 young (8192K), 8 survivors (8192K)
 Metaspace       used 104738K, capacity 107305K, committed 107472K, reserved 1142784K
  class space    used 13587K, capacity 14592K, committed 14624K, reserved 1048576K
}
Event: 37.613 GC heap before
{Heap before GC invocations=34 (full 0):
 garbage-first heap   total 404480K, used 246879K [0x0000000080000000, 0x0000000100000000)
  region size 1024K, 49 young (50176K), 8 survivors (8192K)
 Metaspace       used 105284K, capacity 107866K, committed 108112K, reserved 1142784K
  class space    used 13671K, capacity 14670K, committed 14752K, reserved 1048576K
}
Event: 37.652 GC heap after
{Heap after GC invocations=35 (full 0):
 garbage-first heap   total 404480K, used 208438K [0x0000000080000000, 0x0000000100000000)
  region size 1024K, 4 young (4096K), 4 survivors (4096K)
 Metaspace       used 105284K, capacity 107866K, committed 108112K, reserved 1142784K
  class space    used 13671K, capacity 14670K, committed 14752K, reserved 1048576K
}
Event: 39.507 GC heap before
{Heap before GC invocations=36 (full 0):
 garbage-first heap   total 404480K, used 277046K [0x0000000080000000, 0x0000000100000000)
  region size 1024K, 67 young (68608K), 4 survivors (4096K)
 Metaspace       used 106004K, capacity 108593K, committed 108752K, reserved 1142784K
  class space    used 13756K, capacity 14753K, committed 14880K, reserved 1048576K
}
Event: 39.555 GC heap after
{Heap after GC invocations=37 (full 0):
 garbage-first heap   total 404480K, used 220221K [0x0000000080000000, 0x0000000100000000)
  region size 1024K, 9 young (9216K), 9 survivors (9216K)
 Metaspace       used 106004K, capacity 108593K, committed 108752K, reserved 1142784K
  class space    used 13756K, capacity 14753K, committed 14880K, reserved 1048576K
}
Event: 41.008 GC heap before
{Heap before GC invocations=38 (full 0):
 garbage-first heap   total 404480K, used 303165K [0x0000000080000000, 0x0000000100000000)
  region size 1024K, 80 young (81920K), 9 survivors (9216K)
 Metaspace       used 106148K, capacity 108690K, committed 109008K, reserved 1142784K
  class space    used 13774K, capacity 14761K, committed 14880K, reserved 1048576K
}
Event: 41.097 GC heap after
{Heap after GC invocations=39 (full 0):
 garbage-first heap   total 404480K, used 240256K [0x0000000080000000, 0x0000000100000000)
  region size 1024K, 11 young (11264K), 11 survivors (11264K)
 Metaspace       used 106148K, capacity 108690K, committed 109008K, reserved 1142784K
  class space    used 13774K, capacity 14761K, committed 14880K, reserved 1048576K
}
Event: 42.878 GC heap before
{Heap before GC invocations=40 (full 0):
 garbage-first heap   total 404480K, used 345728K [0x0000000080000000, 0x0000000100000000)
  region size 1024K, 80 young (81920K), 11 survivors (11264K)
 Metaspace       used 106501K, capacity 109109K, committed 109264K, reserved 1144832K
  class space    used 13803K, capacity 14802K, committed 14880K, reserved 1048576K
}

