# JRE version: OpenJDK Runtime Environment (11.0.13) (build 11.0.13+0-b1751.21-8125866)
# Java VM: OpenJDK 64-Bit Server VM (11.0.13+0-b1751.21-8125866, mixed mode, tiered, compressed oops, g1 gc, windows-amd64)
Heap:
 garbage-first heap   total 227328K, used 93951K [0x0000000080000000, 0x0000000100000000)
  region size 1024K, 10 young (10240K), 9 survivors (9216K)
 Metaspace       used 96408K, capacity 98864K, committed 99152K, reserved 1134592K
  class space    used 12460K, capacity 13405K, committed 13472K, reserved 1048576K
GC Heap History (20 events):
Event: 15.046 GC heap before
{Heap before GC invocations=12 (full 0):
 garbage-first heap   total 157696K, used 58598K [0x0000000080000000, 0x0000000100000000)
  region size 1024K, 11 young (11264K), 3 survivors (3072K)
 Metaspace       used 58903K, capacity 60437K, committed 60508K, reserved 1101824K
  class space    used 7419K, capacity 7968K, committed 7968K, reserved 1048576K
}
Event: 15.054 GC heap after
{Heap after GC invocations=13 (full 0):
 garbage-first heap   total 157696K, used 51621K [0x0000000080000000, 0x0000000100000000)
  region size 1024K, 3 young (3072K), 3 survivors (3072K)
 Metaspace       used 58903K, capacity 60437K, committed 60508K, reserved 1101824K
  class space    used 7419K, capacity 7968K, committed 7968K, reserved 1048576K
}
Event: 16.431 GC heap before
{Heap before GC invocations=14 (full 0):
 garbage-first heap   total 157696K, used 120229K [0x0000000080000000, 0x0000000100000000)
  region size 1024K, 64 young (65536K), 3 survivors (3072K)
 Metaspace       used 63628K, capacity 65174K, committed 65360K, reserved 1105920K
  class space    used 7987K, capacity 8579K, committed 8608K, reserved 1048576K
}
Event: 16.456 GC heap after
{Heap after GC invocations=15 (full 0):
 garbage-first heap   total 157696K, used 57264K [0x0000000080000000, 0x0000000100000000)
  region size 1024K, 8 young (8192K), 8 survivors (8192K)
 Metaspace       used 63628K, capacity 65174K, committed 65360K, reserved 1105920K
  class space    used 7987K, capacity 8579K, committed 8608K, reserved 1048576K
}
Event: 17.837 GC heap before
{Heap before GC invocations=16 (full 0):
 garbage-first heap   total 157696K, used 118704K [0x0000000080000000, 0x0000000100000000)
  region size 1024K, 67 young (68608K), 8 survivors (8192K)
 Metaspace       used 67914K, capacity 69440K, committed 69584K, reserved 1110016K
  class space    used 8542K, capacity 9136K, committed 9248K, reserved 1048576K
}
Event: 17.863 GC heap after
{Heap after GC invocations=17 (full 0):
 garbage-first heap   total 189440K, used 61181K [0x0000000080000000, 0x0000000100000000)
  region size 1024K, 4 young (4096K), 4 survivors (4096K)
 Metaspace       used 67914K, capacity 69440K, committed 69584K, reserved 1110016K
  class space    used 8542K, capacity 9136K, committed 9248K, reserved 1048576K
}
Event: 19.015 GC heap before
{Heap before GC invocations=17 (full 0):
 garbage-first heap   total 189440K, used 131837K [0x0000000080000000, 0x0000000100000000)
  region size 1024K, 73 young (74752K), 4 survivors (4096K)
 Metaspace       used 72643K, capacity 74206K, committed 74448K, reserved 1114112K
  class space    used 9320K, capacity 9913K, committed 10016K, reserved 1048576K
}
Event: 19.030 GC heap after
{Heap after GC invocations=18 (full 0):
 garbage-first heap   total 189440K, used 65109K [0x0000000080000000, 0x0000000100000000)
  region size 1024K, 8 young (8192K), 8 survivors (8192K)
 Metaspace       used 72643K, capacity 74206K, committed 74448K, reserved 1114112K
  class space    used 9320K, capacity 9913K, committed 10016K, reserved 1048576K
}
Event: 20.668 GC heap before
{Heap before GC invocations=18 (full 0):
 garbage-first heap   total 189440K, used 136789K [0x0000000080000000, 0x0000000100000000)
  region size 1024K, 78 young (79872K), 8 survivors (8192K)
 Metaspace       used 78719K, capacity 80438K, committed 80720K, reserved 1120256K
  class space    used 10141K, capacity 10789K, committed 10912K, reserved 1048576K
}
Event: 20.697 GC heap after
{Heap after GC invocations=19 (full 0):
 garbage-first heap   total 189440K, used 70112K [0x0000000080000000, 0x0000000100000000)
  region size 1024K, 10 young (10240K), 10 survivors (10240K)
 Metaspace       used 78719K, capacity 80438K, committed 80720K, reserved 1120256K
  class space    used 10141K, capacity 10789K, committed 10912K, reserved 1048576K
}
Event: 22.790 GC heap before
{Heap before GC invocations=19 (full 0):
 garbage-first heap   total 189440K, used 139744K [0x0000000080000000, 0x0000000100000000)
  region size 1024K, 79 young (80896K), 10 survivors (10240K)
 Metaspace       used 85426K, capacity 87395K, committed 87632K, reserved 1124352K
  class space    used 11098K, capacity 11857K, committed 11936K, reserved 1048576K
}
Event: 22.817 GC heap after
{Heap after GC invocations=20 (full 0):
 garbage-first heap   total 189440K, used 75113K [0x0000000080000000, 0x0000000100000000)
  region size 1024K, 10 young (10240K), 10 survivors (10240K)
 Metaspace       used 85426K, capacity 87395K, committed 87632K, reserved 1124352K
  class space    used 11098K, capacity 11857K, committed 11936K, reserved 1048576K
}
Event: 24.698 GC heap before
{Heap before GC invocations=20 (full 0):
 garbage-first heap   total 189440K, used 144745K [0x0000000080000000, 0x0000000100000000)
  region size 1024K, 79 young (80896K), 10 survivors (10240K)
 Metaspace       used 86500K, capacity 88556K, committed 88784K, reserved 1126400K
  class space    used 11196K, capacity 11986K, committed 12064K, reserved 1048576K
}
Event: 24.735 GC heap after
{Heap after GC invocations=21 (full 0):
 garbage-first heap   total 189440K, used 80067K [0x0000000080000000, 0x0000000100000000)
  region size 1024K, 10 young (10240K), 10 survivors (10240K)
 Metaspace       used 86500K, capacity 88556K, committed 88784K, reserved 1126400K
  class space    used 11196K, capacity 11986K, committed 12064K, reserved 1048576K
}
Event: 26.240 GC heap before
{Heap before GC invocations=21 (full 0):
 garbage-first heap   total 189440K, used 147651K [0x0000000080000000, 0x0000000100000000)
  region size 1024K, 77 young (78848K), 10 survivors (10240K)
 Metaspace       used 87952K, capacity 90015K, committed 90192K, reserved 1128448K
  class space    used 11350K, capacity 12165K, committed 12192K, reserved 1048576K
}
Event: 26.293 GC heap after
{Heap after GC invocations=22 (full 0):
 garbage-first heap   total 227328K, used 85206K [0x0000000080000000, 0x0000000100000000)
  region size 1024K, 10 young (10240K), 10 survivors (10240K)
 Metaspace       used 87952K, capacity 90015K, committed 90192K, reserved 1128448K
  class space    used 11350K, capacity 12165K, committed 12192K, reserved 1048576K
}
Event: 27.618 GC heap before
{Heap before GC invocations=22 (full 0):
 garbage-first heap   total 227328K, used 168150K [0x0000000080000000, 0x0000000100000000)
  region size 1024K, 91 young (93184K), 10 survivors (10240K)
 Metaspace       used 93816K, capacity 95974K, committed 96080K, reserved 1132544K
  class space    used 12073K, capacity 12870K, committed 12960K, reserved 1048576K
}
Event: 27.655 GC heap after
{Heap after GC invocations=23 (full 0):
 garbage-first heap   total 227328K, used 89224K [0x0000000080000000, 0x0000000100000000)
  region size 1024K, 9 young (9216K), 9 survivors (9216K)
 Metaspace       used 93816K, capacity 95974K, committed 96080K, reserved 1132544K
  class space    used 12073K, capacity 12870K, committed 12960K, reserved 1048576K
}
Event: 85.990 GC heap before
{Heap before GC invocations=23 (full 0):
 garbage-first heap   total 227328K, used 172168K [0x0000000080000000, 0x0000000100000000)
  region size 1024K, 91 young (93184K), 9 survivors (9216K)
 Metaspace       used 96404K, capacity 98864K, committed 99152K, reserved 1134592K
  class space    used 12459K, capacity 13405K, committed 13472K, reserved 1048576K
}
Event: 86.025 GC heap after
{Heap after GC invocations=24 (full 0):
 garbage-first heap   total 227328K, used 93951K [0x0000000080000000, 0x0000000100000000)
  region size 1024K, 9 young (9216K), 9 survivors (9216K)
 Metaspace       used 96404K, capacity 98864K, committed 99152K, reserved 1134592K
  class space    used 12459K, capacity 13405K, committed 13472K, reserved 1048576K
}

