# JRE version: OpenJDK Runtime Environment (11.0.13) (build 11.0.13+0-b1751.21-8125866)
# Java VM: OpenJDK 64-Bit Server VM (11.0.13+0-b1751.21-8125866, mixed mode, tiered, compressed oops, g1 gc, windows-amd64)
Heap:
 garbage-first heap   total 227328K, used 172293K [0x0000000080000000, 0x0000000100000000)
  region size 1024K, 37 young (37888K), 6 survivors (6144K)
 Metaspace       used 86522K, capacity 88729K, committed 89008K, reserved 1126400K
  class space    used 11190K, capacity 12006K, committed 12032K, reserved 1048576K
GC Heap History (20 events):
Event: 17.949 GC heap before
{Heap before GC invocations=15 (full 0):
 garbage-first heap   total 189440K, used 151198K [0x0000000080000000, 0x0000000100000000)
  region size 1024K, 66 young (67584K), 10 survivors (10240K)
 Metaspace       used 65090K, capacity 66931K, committed 66992K, reserved 1107968K
  class space    used 8313K, capacity 8946K, committed 8960K, reserved 1048576K
}
Event: 17.971 GC heap after
{Heap after GC invocations=16 (full 0):
 garbage-first heap   total 189440K, used 95514K [0x0000000080000000, 0x0000000100000000)
  region size 1024K, 2 young (2048K), 2 survivors (2048K)
 Metaspace       used 65090K, capacity 66931K, committed 66992K, reserved 1107968K
  class space    used 8313K, capacity 8946K, committed 8960K, reserved 1048576K
}
Event: 18.728 GC heap before
{Heap before GC invocations=17 (full 0):
 garbage-first heap   total 189440K, used 109850K [0x0000000080000000, 0x0000000100000000)
  region size 1024K, 17 young (17408K), 2 survivors (2048K)
 Metaspace       used 68145K, capacity 69953K, committed 70320K, reserved 1110016K
  class space    used 8670K, capacity 9357K, committed 9472K, reserved 1048576K
}
Event: 18.738 GC heap after
{Heap after GC invocations=18 (full 0):
 garbage-first heap   total 189440K, used 97455K [0x0000000080000000, 0x0000000100000000)
  region size 1024K, 4 young (4096K), 4 survivors (4096K)
 Metaspace       used 68145K, capacity 69953K, committed 70320K, reserved 1110016K
  class space    used 8670K, capacity 9357K, committed 9472K, reserved 1048576K
}
Event: 19.048 GC heap before
{Heap before GC invocations=19 (full 0):
 garbage-first heap   total 189440K, used 115887K [0x0000000080000000, 0x0000000100000000)
  region size 1024K, 18 young (18432K), 4 survivors (4096K)
 Metaspace       used 68149K, capacity 69950K, committed 70320K, reserved 1110016K
  class space    used 8667K, capacity 9354K, committed 9472K, reserved 1048576K
}
Event: 19.063 GC heap after
{Heap after GC invocations=20 (full 0):
 garbage-first heap   total 189440K, used 104413K [0x0000000080000000, 0x0000000100000000)
  region size 1024K, 6 young (6144K), 6 survivors (6144K)
 Metaspace       used 68149K, capacity 69950K, committed 70320K, reserved 1110016K
  class space    used 8667K, capacity 9354K, committed 9472K, reserved 1048576K
}
Event: 20.301 GC heap before
{Heap before GC invocations=21 (full 0):
 garbage-first heap   total 189440K, used 144349K [0x0000000080000000, 0x0000000100000000)
  region size 1024K, 43 young (44032K), 6 survivors (6144K)
 Metaspace       used 71122K, capacity 72974K, committed 73136K, reserved 1112064K
  class space    used 9038K, capacity 9715K, committed 9728K, reserved 1048576K
}
Event: 20.313 GC heap after
{Heap after GC invocations=22 (full 0):
 garbage-first heap   total 189440K, used 101383K [0x0000000080000000, 0x0000000100000000)
  region size 1024K, 3 young (3072K), 3 survivors (3072K)
 Metaspace       used 71122K, capacity 72974K, committed 73136K, reserved 1112064K
  class space    used 9038K, capacity 9715K, committed 9728K, reserved 1048576K
}
Event: 20.576 GC heap before
{Heap before GC invocations=22 (full 0):
 garbage-first heap   total 189440K, used 109575K [0x0000000080000000, 0x0000000100000000)
  region size 1024K, 12 young (12288K), 3 survivors (3072K)
 Metaspace       used 71878K, capacity 73719K, committed 73776K, reserved 1114112K
  class space    used 9142K, capacity 9813K, committed 9856K, reserved 1048576K
}
Event: 20.583 GC heap after
{Heap after GC invocations=23 (full 0):
 garbage-first heap   total 189440K, used 102069K [0x0000000080000000, 0x0000000100000000)
  region size 1024K, 3 young (3072K), 3 survivors (3072K)
 Metaspace       used 71878K, capacity 73719K, committed 73776K, reserved 1114112K
  class space    used 9142K, capacity 9813K, committed 9856K, reserved 1048576K
}
Event: 22.076 GC heap before
{Heap before GC invocations=24 (full 0):
 garbage-first heap   total 189440K, used 149173K [0x0000000080000000, 0x0000000100000000)
  region size 1024K, 48 young (49152K), 3 survivors (3072K)
 Metaspace       used 75490K, capacity 77437K, committed 77616K, reserved 1116160K
  class space    used 9598K, capacity 10340K, committed 10368K, reserved 1048576K
}
Event: 22.090 GC heap after
{Heap after GC invocations=25 (full 0):
 garbage-first heap   total 189440K, used 104161K [0x0000000080000000, 0x0000000100000000)
  region size 1024K, 5 young (5120K), 5 survivors (5120K)
 Metaspace       used 75490K, capacity 77437K, committed 77616K, reserved 1116160K
  class space    used 9598K, capacity 10340K, committed 10368K, reserved 1048576K
}
Event: 22.746 GC heap before
{Heap before GC invocations=25 (full 0):
 garbage-first heap   total 189440K, used 150241K [0x0000000080000000, 0x0000000100000000)
  region size 1024K, 50 young (51200K), 5 survivors (5120K)
 Metaspace       used 76071K, capacity 78157K, committed 78256K, reserved 1118208K
  class space    used 9642K, capacity 10409K, committed 10496K, reserved 1048576K
}
Event: 22.771 GC heap after
{Heap after GC invocations=26 (full 0):
 garbage-first heap   total 189440K, used 107149K [0x0000000080000000, 0x0000000100000000)
  region size 1024K, 6 young (6144K), 6 survivors (6144K)
 Metaspace       used 76071K, capacity 78157K, committed 78256K, reserved 1118208K
  class space    used 9642K, capacity 10409K, committed 10496K, reserved 1048576K
}
Event: 24.165 GC heap before
{Heap before GC invocations=27 (full 0):
 garbage-first heap   total 189440K, used 153229K [0x0000000080000000, 0x0000000100000000)
  region size 1024K, 51 young (52224K), 6 survivors (6144K)
 Metaspace       used 81283K, capacity 83365K, committed 83376K, reserved 1122304K
  class space    used 10504K, capacity 11261K, committed 11264K, reserved 1048576K
}
Event: 24.183 GC heap after
{Heap after GC invocations=28 (full 0):
 garbage-first heap   total 189440K, used 109643K [0x0000000080000000, 0x0000000100000000)
  region size 1024K, 6 young (6144K), 6 survivors (6144K)
 Metaspace       used 81283K, capacity 83365K, committed 83376K, reserved 1122304K
  class space    used 10504K, capacity 11261K, committed 11264K, reserved 1048576K
}
Event: 24.748 GC heap before
{Heap before GC invocations=28 (full 0):
 garbage-first heap   total 189440K, used 133195K [0x0000000080000000, 0x0000000100000000)
  region size 1024K, 30 young (30720K), 6 survivors (6144K)
 Metaspace       used 83567K, capacity 85549K, committed 85808K, reserved 1124352K
  class space    used 10804K, capacity 11535K, committed 11648K, reserved 1048576K
}
Event: 24.762 GC heap after
{Heap after GC invocations=29 (full 0):
 garbage-first heap   total 189440K, used 111990K [0x0000000080000000, 0x0000000100000000)
  region size 1024K, 5 young (5120K), 5 survivors (5120K)
 Metaspace       used 83567K, capacity 85549K, committed 85808K, reserved 1124352K
  class space    used 10804K, capacity 11535K, committed 11648K, reserved 1048576K
}
Event: 26.014 GC heap before
{Heap before GC invocations=30 (full 0):
 garbage-first heap   total 189440K, used 175478K [0x0000000080000000, 0x0000000100000000)
  region size 1024K, 46 young (47104K), 5 survivors (5120K)
 Metaspace       used 85755K, capacity 87975K, committed 88240K, reserved 1126400K
  class space    used 11101K, capacity 11906K, committed 12032K, reserved 1048576K
}
Event: 26.033 GC heap after
{Heap after GC invocations=31 (full 0):
 garbage-first heap   total 227328K, used 141573K [0x0000000080000000, 0x0000000100000000)
  region size 1024K, 6 young (6144K), 6 survivors (6144K)
 Metaspace       used 85755K, capacity 87975K, committed 88240K, reserved 1126400K
  class space    used 11101K, capacity 11906K, committed 12032K, reserved 1048576K
}

