# JRE version: Java(TM) SE Runtime Environment (19.0.1+10) (build 19.0.1+10-21)
# Java VM: Java HotSpot(TM) 64-Bit Server VM (19.0.1+10-21, mixed mode, sharing, tiered, compressed oops, compressed class ptrs, g1 gc, windows-amd64)
GC Precious Log:
 CardTable entry size: 512
 Card Set container configuration: InlinePtr #cards 5 size 8 Array Of Cards #cards 12 size 40 Howl #buckets 4 coarsen threshold 1843 Howl Bitmap #cards 512 size 80 coarsen threshold 460 Card regions per heap region 1 cards per card region 2048
 CPUs: 4 total, 4 available
 Memory: 8073M
 Large Page Support: Disabled
 NUMA Support: Disabled
 Compressed Oops: Enabled (32-bit)
 Heap Region Size: 1M
 Heap Min Capacity: 8M
 Heap Initial Capacity: 128M
 Heap Max Capacity: 2020M
 Pre-touch: Disabled
 Parallel Workers: 4
 Concurrent Workers: 1
 Concurrent Refinement Workers: 4
 Periodic GC: Disabled
Heap:
 garbage-first heap   total 131072K, used 54779K [0x0000000081c00000, 0x0000000100000000)
  region size 1024K, 4 young (4096K), 4 survivors (4096K)
 Metaspace       used 52188K, committed 52992K, reserved 1114112K
  class space    used 6123K, committed 6528K, reserved 1048576K
GC Heap History (20 events):
Event: 4.841 GC heap after
{Heap after GC invocations=5 (full 0):
 garbage-first heap   total 65536K, used 24434K [0x0000000081c00000, 0x0000000100000000)
  region size 1024K, 5 young (5120K), 5 survivors (5120K)
 Metaspace       used 26972K, committed 27264K, reserved 1114112K
  class space    used 3516K, committed 3648K, reserved 1048576K
}
Event: 4.860 GC heap before
{Heap before GC invocations=5 (full 0):
 garbage-first heap   total 65536K, used 25458K [0x0000000081c00000, 0x0000000100000000)
  region size 1024K, 6 young (6144K), 5 survivors (5120K)
 Metaspace       used 26989K, committed 27264K, reserved 1114112K
  class space    used 3516K, committed 3648K, reserved 1048576K
}
Event: 4.873 GC heap after
{Heap after GC invocations=6 (full 0):
 garbage-first heap   total 65536K, used 25566K [0x0000000081c00000, 0x0000000100000000)
  region size 1024K, 1 young (1024K), 1 survivors (1024K)
 Metaspace       used 26989K, committed 27264K, reserved 1114112K
  class space    used 3516K, committed 3648K, reserved 1048576K
}
Event: 5.409 GC heap before
{Heap before GC invocations=6 (full 0):
 garbage-first heap   total 65536K, used 46046K [0x0000000081c00000, 0x0000000100000000)
  region size 1024K, 22 young (22528K), 1 survivors (1024K)
 Metaspace       used 30889K, committed 31232K, reserved 1114112K
  class space    used 3889K, committed 4032K, reserved 1048576K
}
Event: 5.414 GC heap after
{Heap after GC invocations=7 (full 0):
 garbage-first heap   total 65536K, used 25165K [0x0000000081c00000, 0x0000000100000000)
  region size 1024K, 3 young (3072K), 3 survivors (3072K)
 Metaspace       used 30889K, committed 31232K, reserved 1114112K
  class space    used 3889K, committed 4032K, reserved 1048576K
}
Event: 6.013 GC heap before
{Heap before GC invocations=7 (full 0):
 garbage-first heap   total 65536K, used 46669K [0x0000000081c00000, 0x0000000100000000)
  region size 1024K, 24 young (24576K), 3 survivors (3072K)
 Metaspace       used 34436K, committed 35072K, reserved 1114112K
  class space    used 4277K, committed 4608K, reserved 1048576K
}
Event: 6.023 GC heap after
{Heap after GC invocations=8 (full 0):
 garbage-first heap   total 65536K, used 27362K [0x0000000081c00000, 0x0000000100000000)
  region size 1024K, 3 young (3072K), 3 survivors (3072K)
 Metaspace       used 34436K, committed 35072K, reserved 1114112K
  class space    used 4277K, committed 4608K, reserved 1048576K
}
Event: 6.137 GC heap before
{Heap before GC invocations=8 (full 0):
 garbage-first heap   total 65536K, used 32482K [0x0000000081c00000, 0x0000000100000000)
  region size 1024K, 9 young (9216K), 3 survivors (3072K)
 Metaspace       used 35196K, committed 35968K, reserved 1114112K
  class space    used 4398K, committed 4800K, reserved 1048576K
}
Event: 6.144 GC heap after
{Heap after GC invocations=9 (full 0):
 garbage-first heap   total 131072K, used 27900K [0x0000000081c00000, 0x0000000100000000)
  region size 1024K, 1 young (1024K), 1 survivors (1024K)
 Metaspace       used 35196K, committed 35968K, reserved 1114112K
  class space    used 4398K, committed 4800K, reserved 1048576K
}
Event: 7.719 GC heap before
{Heap before GC invocations=10 (full 0):
 garbage-first heap   total 102400K, used 90364K [0x0000000081c00000, 0x0000000100000000)
  region size 1024K, 60 young (61440K), 1 survivors (1024K)
 Metaspace       used 43095K, committed 43904K, reserved 1114112K
  class space    used 5215K, committed 5632K, reserved 1048576K
}
Event: 7.736 GC heap after
{Heap after GC invocations=11 (full 0):
 garbage-first heap   total 102400K, used 36268K [0x0000000081c00000, 0x0000000100000000)
  region size 1024K, 7 young (7168K), 7 survivors (7168K)
 Metaspace       used 43095K, committed 43904K, reserved 1114112K
  class space    used 5215K, committed 5632K, reserved 1048576K
}
Event: 7.756 GC heap before
{Heap before GC invocations=11 (full 0):
 garbage-first heap   total 102400K, used 37292K [0x0000000081c00000, 0x0000000100000000)
  region size 1024K, 8 young (8192K), 7 survivors (7168K)
 Metaspace       used 43153K, committed 43904K, reserved 1114112K
  class space    used 5215K, committed 5632K, reserved 1048576K
}
Event: 7.773 GC heap after
{Heap after GC invocations=12 (full 0):
 garbage-first heap   total 102400K, used 36951K [0x0000000081c00000, 0x0000000100000000)
  region size 1024K, 1 young (1024K), 1 survivors (1024K)
 Metaspace       used 43153K, committed 43904K, reserved 1114112K
  class space    used 5215K, committed 5632K, reserved 1048576K
}
Event: 9.563 GC heap before
{Heap before GC invocations=12 (full 0):
 garbage-first heap   total 102400K, used 75863K [0x0000000081c00000, 0x0000000100000000)
  region size 1024K, 40 young (40960K), 1 survivors (1024K)
 Metaspace       used 49172K, committed 49984K, reserved 1114112K
  class space    used 5816K, committed 6208K, reserved 1048576K
}
Event: 9.578 GC heap after
{Heap after GC invocations=13 (full 0):
 garbage-first heap   total 102400K, used 42962K [0x0000000081c00000, 0x0000000100000000)
  region size 1024K, 5 young (5120K), 5 survivors (5120K)
 Metaspace       used 49172K, committed 49984K, reserved 1114112K
  class space    used 5816K, committed 6208K, reserved 1048576K
}
Event: 10.414 GC heap before
{Heap before GC invocations=13 (full 0):
 garbage-first heap   total 102400K, used 78802K [0x0000000081c00000, 0x0000000100000000)
  region size 1024K, 40 young (40960K), 5 survivors (5120K)
 Metaspace       used 49643K, committed 50432K, reserved 1114112K
  class space    used 5841K, committed 6208K, reserved 1048576K
}
Event: 10.447 GC heap after
{Heap after GC invocations=14 (full 0):
 garbage-first heap   total 102400K, used 49081K [0x0000000081c00000, 0x0000000100000000)
  region size 1024K, 5 young (5120K), 5 survivors (5120K)
 Metaspace       used 49643K, committed 50432K, reserved 1114112K
  class space    used 5841K, committed 6208K, reserved 1048576K
}
Event: 10.579 GC heap before
{Heap before GC invocations=14 (full 0):
 garbage-first heap   total 102400K, used 79801K [0x0000000081c00000, 0x0000000100000000)
  region size 1024K, 35 young (35840K), 5 survivors (5120K)
 Metaspace       used 49704K, committed 50496K, reserved 1114112K
  class space    used 5842K, committed 6208K, reserved 1048576K
}
Event: 10.595 GC heap after
{Heap after GC invocations=15 (full 0):
 garbage-first heap   total 102400K, used 50623K [0x0000000081c00000, 0x0000000100000000)
  region size 1024K, 1 young (1024K), 1 survivors (1024K)
 Metaspace       used 49704K, committed 50496K, reserved 1114112K
  class space    used 5842K, committed 6208K, reserved 1048576K
}
Event: 12.325 GC heap before
{Heap before GC invocations=15 (full 0):
 garbage-first heap   total 102400K, used 81343K [0x0000000081c00000, 0x0000000100000000)
  region size 1024K, 31 young (31744K), 1 survivors (1024K)
 Metaspace       used 52188K, committed 52992K, reserved 1114112K
  class space    used 6123K, committed 6528K, reserved 1048576K
}

