# JRE version: OpenJDK Runtime Environment (11.0.13) (build 11.0.13+0-b1751.21-8125866)
# Java VM: OpenJDK 64-Bit Server VM (11.0.13+0-b1751.21-8125866, mixed mode, tiered, compressed oops, g1 gc, windows-amd64)
Heap:
 garbage-first heap   total 196608K, used 139653K [0x0000000080000000, 0x0000000100000000)
  region size 1024K, 1 young (1024K), 1 survivors (1024K)
 Metaspace       used 81687K, capacity 83752K, committed 84016K, reserved 1122304K
  class space    used 10536K, capacity 11306K, committed 11392K, reserved 1048576K
GC Heap History (20 events):
Event: 36.423 GC heap after
{Heap after GC invocations=37 (full 0):
 garbage-first heap   total 157696K, used 112536K [0x0000000080000000, 0x0000000100000000)
  region size 1024K, 4 young (4096K), 4 survivors (4096K)
 Metaspace       used 78348K, capacity 80228K, committed 80432K, reserved 1118208K
  class space    used 10093K, capacity 10764K, committed 10880K, reserved 1048576K
}
Event: 37.450 GC heap before
{Heap before GC invocations=38 (full 0):
 garbage-first heap   total 157696K, used 152472K [0x0000000080000000, 0x0000000100000000)
  region size 1024K, 25 young (25600K), 4 survivors (4096K)
 Metaspace       used 79978K, capacity 81993K, committed 82224K, reserved 1120256K
  class space    used 10333K, capacity 11066K, committed 11136K, reserved 1048576K
}
Event: 37.463 GC heap after
{Heap after GC invocations=39 (full 0):
 garbage-first heap   total 163840K, used 137713K [0x0000000080000000, 0x0000000100000000)
  region size 1024K, 4 young (4096K), 4 survivors (4096K)
 Metaspace       used 79978K, capacity 81993K, committed 82224K, reserved 1120256K
  class space    used 10333K, capacity 11066K, committed 11136K, reserved 1048576K
}
Event: 37.899 GC heap before
{Heap before GC invocations=39 (full 0):
 garbage-first heap   total 163840K, used 142833K [0x0000000080000000, 0x0000000100000000)
  region size 1024K, 9 young (9216K), 4 survivors (4096K)
 Metaspace       used 80057K, capacity 82128K, committed 82224K, reserved 1120256K
  class space    used 10333K, capacity 11066K, committed 11136K, reserved 1048576K
}
Event: 37.914 GC heap after
{Heap after GC invocations=40 (full 0):
 garbage-first heap   total 163840K, used 138427K [0x0000000080000000, 0x0000000100000000)
  region size 1024K, 1 young (1024K), 1 survivors (1024K)
 Metaspace       used 80057K, capacity 82128K, committed 82224K, reserved 1120256K
  class space    used 10333K, capacity 11066K, committed 11136K, reserved 1048576K
}
Event: 38.373 GC heap before
{Heap before GC invocations=41 (full 0):
 garbage-first heap   total 163840K, used 145595K [0x0000000080000000, 0x0000000100000000)
  region size 1024K, 8 young (8192K), 1 survivors (1024K)
 Metaspace       used 80185K, capacity 82262K, committed 82480K, reserved 1120256K
  class space    used 10342K, capacity 11066K, committed 11136K, reserved 1048576K
}
Event: 38.377 GC heap after
{Heap after GC invocations=42 (full 0):
 garbage-first heap   total 163840K, used 138923K [0x0000000080000000, 0x0000000100000000)
  region size 1024K, 1 young (1024K), 1 survivors (1024K)
 Metaspace       used 80185K, capacity 82262K, committed 82480K, reserved 1120256K
  class space    used 10342K, capacity 11066K, committed 11136K, reserved 1048576K
}
Event: 38.644 GC heap before
{Heap before GC invocations=42 (full 0):
 garbage-first heap   total 163840K, used 146091K [0x0000000080000000, 0x0000000100000000)
  region size 1024K, 8 young (8192K), 1 survivors (1024K)
 Metaspace       used 80567K, capacity 82685K, committed 82864K, reserved 1120256K
  class space    used 10399K, capacity 11143K, committed 11264K, reserved 1048576K
}
Event: 38.649 GC heap after
{Heap after GC invocations=43 (full 0):
 garbage-first heap   total 163840K, used 139293K [0x0000000080000000, 0x0000000100000000)
  region size 1024K, 1 young (1024K), 1 survivors (1024K)
 Metaspace       used 80567K, capacity 82685K, committed 82864K, reserved 1120256K
  class space    used 10399K, capacity 11143K, committed 11264K, reserved 1048576K
}
Event: 38.988 GC heap before
{Heap before GC invocations=43 (full 0):
 garbage-first heap   total 163840K, used 146461K [0x0000000080000000, 0x0000000100000000)
  region size 1024K, 8 young (8192K), 1 survivors (1024K)
 Metaspace       used 80755K, capacity 82810K, committed 83120K, reserved 1122304K
  class space    used 10422K, capacity 11142K, committed 11264K, reserved 1048576K
}
Event: 38.992 GC heap after
{Heap after GC invocations=44 (full 0):
 garbage-first heap   total 163840K, used 139353K [0x0000000080000000, 0x0000000100000000)
  region size 1024K, 1 young (1024K), 1 survivors (1024K)
 Metaspace       used 80755K, capacity 82810K, committed 83120K, reserved 1122304K
  class space    used 10422K, capacity 11142K, committed 11264K, reserved 1048576K
}
Event: 39.182 GC heap before
{Heap before GC invocations=45 (full 0):
 garbage-first heap   total 163840K, used 146521K [0x0000000080000000, 0x0000000100000000)
  region size 1024K, 8 young (8192K), 1 survivors (1024K)
 Metaspace       used 80903K, capacity 83016K, committed 83120K, reserved 1122304K
  class space    used 10436K, capacity 11210K, committed 11264K, reserved 1048576K
}
Event: 39.187 GC heap after
{Heap after GC invocations=46 (full 0):
 garbage-first heap   total 163840K, used 139707K [0x0000000080000000, 0x0000000100000000)
  region size 1024K, 1 young (1024K), 1 survivors (1024K)
 Metaspace       used 80903K, capacity 83016K, committed 83120K, reserved 1122304K
  class space    used 10436K, capacity 11210K, committed 11264K, reserved 1048576K
}
Event: 39.306 GC heap before
{Heap before GC invocations=46 (full 0):
 garbage-first heap   total 163840K, used 146875K [0x0000000080000000, 0x0000000100000000)
  region size 1024K, 8 young (8192K), 1 survivors (1024K)
 Metaspace       used 81032K, capacity 83080K, committed 83376K, reserved 1122304K
  class space    used 10456K, capacity 11210K, committed 11264K, reserved 1048576K
}
Event: 39.308 GC heap after
{Heap after GC invocations=47 (full 0):
 garbage-first heap   total 163840K, used 139602K [0x0000000080000000, 0x0000000100000000)
  region size 1024K, 1 young (1024K), 1 survivors (1024K)
 Metaspace       used 81032K, capacity 83080K, committed 83376K, reserved 1122304K
  class space    used 10456K, capacity 11210K, committed 11264K, reserved 1048576K
}
Event: 39.384 GC heap before
{Heap before GC invocations=47 (full 0):
 garbage-first heap   total 163840K, used 146770K [0x0000000080000000, 0x0000000100000000)
  region size 1024K, 8 young (8192K), 1 survivors (1024K)
 Metaspace       used 81247K, capacity 83304K, committed 83376K, reserved 1122304K
  class space    used 10480K, capacity 11242K, committed 11264K, reserved 1048576K
}
Event: 39.386 GC heap after
{Heap after GC invocations=48 (full 0):
 garbage-first heap   total 163840K, used 139713K [0x0000000080000000, 0x0000000100000000)
  region size 1024K, 1 young (1024K), 1 survivors (1024K)
 Metaspace       used 81247K, capacity 83304K, committed 83376K, reserved 1122304K
  class space    used 10480K, capacity 11242K, committed 11264K, reserved 1048576K
}
Event: 39.471 GC heap before
{Heap before GC invocations=48 (full 0):
 garbage-first heap   total 163840K, used 146881K [0x0000000080000000, 0x0000000100000000)
  region size 1024K, 8 young (8192K), 1 survivors (1024K)
 Metaspace       used 81450K, capacity 83528K, committed 83760K, reserved 1122304K
  class space    used 10500K, capacity 11274K, committed 11392K, reserved 1048576K
}
Event: 39.474 GC heap after
{Heap after GC invocations=49 (full 0):
 garbage-first heap   total 163840K, used 139649K [0x0000000080000000, 0x0000000100000000)
  region size 1024K, 1 young (1024K), 1 survivors (1024K)
 Metaspace       used 81450K, capacity 83528K, committed 83760K, reserved 1122304K
  class space    used 10500K, capacity 11274K, committed 11392K, reserved 1048576K
}
Event: 39.604 GC heap before
{Heap before GC invocations=49 (full 0):
 garbage-first heap   total 163840K, used 146817K [0x0000000080000000, 0x0000000100000000)
  region size 1024K, 8 young (8192K), 1 survivors (1024K)
 Metaspace       used 81687K, capacity 83752K, committed 84016K, reserved 1122304K
  class space    used 10536K, capacity 11306K, committed 11392K, reserved 1048576K
}

