# JRE version: OpenJDK Runtime Environment (11.0.13) (build 11.0.13+0-b1751.21-8125866)
# Java VM: OpenJDK 64-Bit Server VM (11.0.13+0-b1751.21-8125866, mixed mode, tiered, compressed oops, g1 gc, windows-amd64)
Heap:
 garbage-first heap   total 157696K, used 61952K [0x0000000081c00000, 0x0000000100000000)
  region size 1024K, 13 young (13312K), 8 survivors (8192K)
 Metaspace       used 68220K, capacity 69079K, committed 69376K, reserved 1110016K
  class space    used 7496K, capacity 7840K, committed 7936K, reserved 1048576K
GC Heap History (18 events):
Event: 0.632 GC heap before
{Heap before GC invocations=0 (full 0):
 garbage-first heap   total 131072K, used 18432K [0x0000000081c00000, 0x0000000100000000)
  region size 1024K, 14 young (14336K), 0 survivors (0K)
 Metaspace       used 9513K, capacity 9615K, committed 9856K, reserved 1058816K
  class space    used 788K, capacity 820K, committed 896K, reserved 1048576K
}
Event: 0.636 GC heap after
{Heap after GC invocations=1 (full 0):
 garbage-first heap   total 131072K, used 6623K [0x0000000081c00000, 0x0000000100000000)
  region size 1024K, 2 young (2048K), 2 survivors (2048K)
 Metaspace       used 9513K, capacity 9615K, committed 9856K, reserved 1058816K
  class space    used 788K, capacity 820K, committed 896K, reserved 1048576K
}
Event: 2.151 GC heap before
{Heap before GC invocations=1 (full 0):
 garbage-first heap   total 131072K, used 55775K [0x0000000081c00000, 0x0000000100000000)
  region size 1024K, 51 young (52224K), 2 survivors (2048K)
 Metaspace       used 21014K, capacity 21189K, committed 21248K, reserved 1069056K
  class space    used 2214K, capacity 2301K, committed 2304K, reserved 1048576K
}
Event: 2.173 GC heap after
{Heap after GC invocations=2 (full 0):
 garbage-first heap   total 131072K, used 10888K [0x0000000081c00000, 0x0000000100000000)
  region size 1024K, 7 young (7168K), 7 survivors (7168K)
 Metaspace       used 21014K, capacity 21189K, committed 21248K, reserved 1069056K
  class space    used 2214K, capacity 2301K, committed 2304K, reserved 1048576K
}
Event: 3.800 GC heap before
{Heap before GC invocations=3 (full 0):
 garbage-first heap   total 131072K, used 67208K [0x0000000081c00000, 0x0000000100000000)
  region size 1024K, 56 young (57344K), 7 survivors (7168K)
 Metaspace       used 32704K, capacity 33175K, committed 33280K, reserved 1079296K
  class space    used 4049K, capacity 4251K, committed 4352K, reserved 1048576K
}
Event: 3.829 GC heap after
{Heap after GC invocations=4 (full 0):
 garbage-first heap   total 131072K, used 23881K [0x0000000081c00000, 0x0000000100000000)
  region size 1024K, 7 young (7168K), 7 survivors (7168K)
 Metaspace       used 32704K, capacity 33175K, committed 33280K, reserved 1079296K
  class space    used 4049K, capacity 4251K, committed 4352K, reserved 1048576K
}
Event: 4.092 GC heap before
{Heap before GC invocations=4 (full 0):
 garbage-first heap   total 131072K, used 35145K [0x0000000081c00000, 0x0000000100000000)
  region size 1024K, 19 young (19456K), 7 survivors (7168K)
 Metaspace       used 35304K, capacity 35767K, committed 35840K, reserved 1081344K
  class space    used 4331K, capacity 4539K, committed 4608K, reserved 1048576K
}
Event: 4.111 GC heap after
{Heap after GC invocations=5 (full 0):
 garbage-first heap   total 131072K, used 25610K [0x0000000081c00000, 0x0000000100000000)
  region size 1024K, 2 young (2048K), 2 survivors (2048K)
 Metaspace       used 35304K, capacity 35767K, committed 35840K, reserved 1081344K
  class space    used 4331K, capacity 4539K, committed 4608K, reserved 1048576K
}
Event: 5.846 GC heap before
{Heap before GC invocations=6 (full 0):
 garbage-first heap   total 131072K, used 80906K [0x0000000081c00000, 0x0000000100000000)
  region size 1024K, 56 young (57344K), 2 survivors (2048K)
 Metaspace       used 46708K, capacity 47315K, committed 47488K, reserved 1091584K
  class space    used 5484K, capacity 5715K, committed 5760K, reserved 1048576K
}
Event: 5.860 GC heap after
{Heap after GC invocations=7 (full 0):
 garbage-first heap   total 131072K, used 28199K [0x0000000081c00000, 0x0000000100000000)
  region size 1024K, 7 young (7168K), 7 survivors (7168K)
 Metaspace       used 46708K, capacity 47315K, committed 47488K, reserved 1091584K
  class space    used 5484K, capacity 5715K, committed 5760K, reserved 1048576K
}
Event: 7.498 GC heap before
{Heap before GC invocations=7 (full 0):
 garbage-first heap   total 131072K, used 88615K [0x0000000081c00000, 0x0000000100000000)
  region size 1024K, 63 young (64512K), 7 survivors (7168K)
 Metaspace       used 52575K, capacity 53250K, committed 53504K, reserved 1095680K
  class space    used 6119K, capacity 6400K, committed 6400K, reserved 1048576K
}
Event: 7.525 GC heap after
{Heap after GC invocations=8 (full 0):
 garbage-first heap   total 157696K, used 37147K [0x0000000081c00000, 0x0000000100000000)
  region size 1024K, 7 young (7168K), 7 survivors (7168K)
 Metaspace       used 52575K, capacity 53250K, committed 53504K, reserved 1095680K
  class space    used 6119K, capacity 6400K, committed 6400K, reserved 1048576K
}
Event: 10.066 GC heap before
{Heap before GC invocations=8 (full 0):
 garbage-first heap   total 157696K, used 111899K [0x0000000081c00000, 0x0000000100000000)
  region size 1024K, 80 young (81920K), 7 survivors (7168K)
 Metaspace       used 57302K, capacity 58000K, committed 58368K, reserved 1101824K
  class space    used 6505K, capacity 6789K, committed 6912K, reserved 1048576K
}
Event: 10.107 GC heap after
{Heap after GC invocations=9 (full 0):
 garbage-first heap   total 157696K, used 47104K [0x0000000081c00000, 0x0000000100000000)
  region size 1024K, 10 young (10240K), 10 survivors (10240K)
 Metaspace       used 57302K, capacity 58000K, committed 58368K, reserved 1101824K
  class space    used 6505K, capacity 6789K, committed 6912K, reserved 1048576K
}
Event: 11.175 GC heap before
{Heap before GC invocations=9 (full 0):
 garbage-first heap   total 157696K, used 95232K [0x0000000081c00000, 0x0000000100000000)
  region size 1024K, 58 young (59392K), 10 survivors (10240K)
 Metaspace       used 59420K, capacity 60090K, committed 60160K, reserved 1101824K
  class space    used 6749K, capacity 7037K, committed 7040K, reserved 1048576K
}
Event: 11.209 GC heap after
{Heap after GC invocations=10 (full 0):
 garbage-first heap   total 157696K, used 51085K [0x0000000081c00000, 0x0000000100000000)
  region size 1024K, 4 young (4096K), 4 survivors (4096K)
 Metaspace       used 59420K, capacity 60090K, committed 60160K, reserved 1101824K
  class space    used 6749K, capacity 7037K, committed 7040K, reserved 1048576K
}
Event: 14.539 GC heap before
{Heap before GC invocations=11 (full 0):
 garbage-first heap   total 157696K, used 109453K [0x0000000081c00000, 0x0000000100000000)
  region size 1024K, 61 young (62464K), 4 survivors (4096K)
 Metaspace       used 68181K, capacity 69015K, committed 69120K, reserved 1110016K
  class space    used 7496K, capacity 7840K, committed 7936K, reserved 1048576K
}
Event: 14.564 GC heap after
{Heap after GC invocations=12 (full 0):
 garbage-first heap   total 157696K, used 57856K [0x0000000081c00000, 0x0000000100000000)
  region size 1024K, 8 young (8192K), 8 survivors (8192K)
 Metaspace       used 68181K, capacity 69015K, committed 69120K, reserved 1110016K
  class space    used 7496K, capacity 7840K, committed 7936K, reserved 1048576K
}

