# JRE version: OpenJDK Runtime Environment (11.0.13) (build 11.0.13+0-b1751.21-8125866)
# Java VM: OpenJDK 64-Bit Server VM (11.0.13+0-b1751.21-8125866, mixed mode, tiered, compressed oops, g1 gc, windows-amd64)
Heap:
 garbage-first heap   total 227328K, used 166216K [0x0000000080000000, 0x0000000100000000)
  region size 1024K, 6 young (6144K), 2 survivors (2048K)
 Metaspace       used 109998K, capacity 112716K, committed 112848K, reserved 1157120K
  class space    used 13996K, capacity 14986K, committed 15104K, reserved 1048576K
GC Heap History (20 events):
Event: 2635.718 GC heap before
{Heap before GC invocations=27 (full 0):
 garbage-first heap   total 227328K, used 189196K [0x0000000080000000, 0x0000000100000000)
  region size 1024K, 49 young (50176K), 1 survivors (1024K)
 Metaspace       used 101713K, capacity 104096K, committed 104272K, reserved 1140736K
  class space    used 13056K, capacity 13910K, committed 13952K, reserved 1048576K
}
Event: 2635.733 GC heap after
{Heap after GC invocations=28 (full 0):
 garbage-first heap   total 227328K, used 142576K [0x0000000080000000, 0x0000000100000000)
  region size 1024K, 4 young (4096K), 4 survivors (4096K)
 Metaspace       used 101713K, capacity 104096K, committed 104272K, reserved 1140736K
  class space    used 13056K, capacity 13910K, committed 13952K, reserved 1048576K
}
Event: 2636.968 GC heap before
{Heap before GC invocations=29 (full 0):
 garbage-first heap   total 227328K, used 190704K [0x0000000080000000, 0x0000000100000000)
  region size 1024K, 51 young (52224K), 4 survivors (4096K)
 Metaspace       used 102136K, capacity 104706K, committed 104912K, reserved 1140736K
  class space    used 13095K, capacity 14023K, committed 14080K, reserved 1048576K
}
Event: 2636.987 GC heap after
{Heap after GC invocations=30 (full 0):
 garbage-first heap   total 227328K, used 144992K [0x0000000080000000, 0x0000000100000000)
  region size 1024K, 6 young (6144K), 6 survivors (6144K)
 Metaspace       used 102136K, capacity 104706K, committed 104912K, reserved 1140736K
  class space    used 13095K, capacity 14023K, committed 14080K, reserved 1048576K
}
Event: 2637.021 GC heap before
{Heap before GC invocations=30 (full 0):
 garbage-first heap   total 227328K, used 150112K [0x0000000080000000, 0x0000000100000000)
  region size 1024K, 11 young (11264K), 6 survivors (6144K)
 Metaspace       used 102145K, capacity 104706K, committed 104912K, reserved 1140736K
  class space    used 13096K, capacity 14023K, committed 14080K, reserved 1048576K
}
Event: 2637.053 GC heap after
{Heap after GC invocations=31 (full 0):
 garbage-first heap   total 227328K, used 134580K [0x0000000080000000, 0x0000000100000000)
  region size 1024K, 1 young (1024K), 1 survivors (1024K)
 Metaspace       used 102145K, capacity 104706K, committed 104912K, reserved 1140736K
  class space    used 13096K, capacity 14023K, committed 14080K, reserved 1048576K
}
Event: 2637.620 GC heap before
{Heap before GC invocations=31 (full 0):
 garbage-first heap   total 227328K, used 148916K [0x0000000080000000, 0x0000000100000000)
  region size 1024K, 16 young (16384K), 1 survivors (1024K)
 Metaspace       used 103005K, capacity 105512K, committed 105808K, reserved 1140736K
  class space    used 13198K, capacity 14096K, committed 14208K, reserved 1048576K
}
Event: 2637.631 GC heap after
{Heap after GC invocations=32 (full 0):
 garbage-first heap   total 227328K, used 136253K [0x0000000080000000, 0x0000000100000000)
  region size 1024K, 3 young (3072K), 3 survivors (3072K)
 Metaspace       used 103005K, capacity 105512K, committed 105808K, reserved 1140736K
  class space    used 13198K, capacity 14096K, committed 14208K, reserved 1048576K
}
Event: 2638.837 GC heap before
{Heap before GC invocations=33 (full 0):
 garbage-first heap   total 227328K, used 203837K [0x0000000080000000, 0x0000000100000000)
  region size 1024K, 52 young (53248K), 3 survivors (3072K)
 Metaspace       used 104325K, capacity 106879K, committed 106960K, reserved 1142784K
  class space    used 13365K, capacity 14286K, committed 14336K, reserved 1048576K
}
Event: 2638.854 GC heap after
{Heap after GC invocations=34 (full 0):
 garbage-first heap   total 227328K, used 161570K [0x0000000080000000, 0x0000000100000000)
  region size 1024K, 7 young (7168K), 7 survivors (7168K)
 Metaspace       used 104325K, capacity 106879K, committed 106960K, reserved 1142784K
  class space    used 13365K, capacity 14286K, committed 14336K, reserved 1048576K
}
Event: 2638.917 GC heap before
{Heap before GC invocations=34 (full 0):
 garbage-first heap   total 227328K, used 165666K [0x0000000080000000, 0x0000000100000000)
  region size 1024K, 11 young (11264K), 7 survivors (7168K)
 Metaspace       used 104410K, capacity 106943K, committed 107216K, reserved 1142784K
  class space    used 13376K, capacity 14286K, committed 14336K, reserved 1048576K
}
Event: 2638.940 GC heap after
{Heap after GC invocations=35 (full 0):
 garbage-first heap   total 227328K, used 161366K [0x0000000080000000, 0x0000000100000000)
  region size 1024K, 1 young (1024K), 1 survivors (1024K)
 Metaspace       used 104410K, capacity 106943K, committed 107216K, reserved 1142784K
  class space    used 13376K, capacity 14286K, committed 14336K, reserved 1048576K
}
Event: 2639.208 GC heap before
{Heap before GC invocations=35 (full 0):
 garbage-first heap   total 227328K, used 193110K [0x0000000080000000, 0x0000000100000000)
  region size 1024K, 32 young (32768K), 1 survivors (1024K)
 Metaspace       used 105358K, capacity 107913K, committed 108112K, reserved 1142784K
  class space    used 13494K, capacity 14390K, committed 14464K, reserved 1048576K
}
Event: 2639.216 GC heap after
{Heap after GC invocations=36 (full 0):
 garbage-first heap   total 227328K, used 161340K [0x0000000080000000, 0x0000000100000000)
  region size 1024K, 1 young (1024K), 1 survivors (1024K)
 Metaspace       used 105358K, capacity 107913K, committed 108112K, reserved 1142784K
  class space    used 13494K, capacity 14390K, committed 14464K, reserved 1048576K
}
Event: 2639.705 GC heap before
{Heap before GC invocations=36 (full 0):
 garbage-first heap   total 227328K, used 194108K [0x0000000080000000, 0x0000000100000000)
  region size 1024K, 33 young (33792K), 1 survivors (1024K)
 Metaspace       used 106344K, capacity 108986K, committed 109136K, reserved 1144832K
  class space    used 13647K, capacity 14598K, committed 14720K, reserved 1048576K
}
Event: 2639.713 GC heap after
{Heap after GC invocations=37 (full 0):
 garbage-first heap   total 227328K, used 162725K [0x0000000080000000, 0x0000000100000000)
  region size 1024K, 2 young (2048K), 2 survivors (2048K)
 Metaspace       used 106344K, capacity 108986K, committed 109136K, reserved 1144832K
  class space    used 13647K, capacity 14598K, committed 14720K, reserved 1048576K
}
Event: 2640.016 GC heap before
{Heap before GC invocations=38 (full 0):
 garbage-first heap   total 227328K, used 195493K [0x0000000080000000, 0x0000000100000000)
  region size 1024K, 34 young (34816K), 2 survivors (2048K)
 Metaspace       used 108641K, capacity 111325K, committed 111568K, reserved 1146880K
  class space    used 13843K, capacity 14823K, committed 14848K, reserved 1048576K
}
Event: 2640.021 GC heap after
{Heap after GC invocations=39 (full 0):
 garbage-first heap   total 227328K, used 163054K [0x0000000080000000, 0x0000000100000000)
  region size 1024K, 3 young (3072K), 3 survivors (3072K)
 Metaspace       used 108641K, capacity 111325K, committed 111568K, reserved 1146880K
  class space    used 13843K, capacity 14823K, committed 14848K, reserved 1048576K
}
Event: 2640.326 GC heap before
{Heap before GC invocations=39 (full 0):
 garbage-first heap   total 227328K, used 170222K [0x0000000080000000, 0x0000000100000000)
  region size 1024K, 11 young (11264K), 3 survivors (3072K)
 Metaspace       used 109598K, capacity 112243K, committed 112464K, reserved 1150976K
  class space    used 13940K, capacity 14892K, committed 14976K, reserved 1048576K
}
Event: 2640.337 GC heap after
{Heap after GC invocations=40 (full 0):
 garbage-first heap   total 227328K, used 163144K [0x0000000080000000, 0x0000000100000000)
  region size 1024K, 2 young (2048K), 2 survivors (2048K)
 Metaspace       used 109598K, capacity 112243K, committed 112464K, reserved 1150976K
  class space    used 13940K, capacity 14892K, committed 14976K, reserved 1048576K
}

