# JRE version: OpenJDK Runtime Environment (11.0.13) (build 11.0.13+0-b1751.21-8125866)
# Java VM: OpenJDK 64-Bit Server VM (11.0.13+0-b1751.21-8125866, mixed mode, tiered, compressed oops, g1 gc, windows-amd64)
Heap:
 garbage-first heap   total 450560K, used 304128K [0x0000000080000000, 0x0000000100000000)
  region size 1024K, 35 young (35840K), 4 survivors (4096K)
 Metaspace       used 139713K, capacity 143665K, committed 144048K, reserved 1175552K
  class space    used 17408K, capacity 18876K, committed 18944K, reserved 1048576K
GC Heap History (20 events):
Event: 274.891 GC heap before
{Heap before GC invocations=97 (full 0):
 garbage-first heap   total 328704K, used 286085K [0x0000000080000000, 0x0000000100000000)
  region size 1024K, 76 young (77824K), 4 survivors (4096K)
 Metaspace       used 136924K, capacity 140931K, committed 141232K, reserved 1171456K
  class space    used 17127K, capacity 18585K, committed 18688K, reserved 1048576K
}
Event: 274.903 GC heap after
{Heap after GC invocations=98 (full 0):
 garbage-first heap   total 328704K, used 211431K [0x0000000080000000, 0x0000000100000000)
  region size 1024K, 3 young (3072K), 3 survivors (3072K)
 Metaspace       used 136924K, capacity 140931K, committed 141232K, reserved 1171456K
  class space    used 17127K, capacity 18585K, committed 18688K, reserved 1048576K
}
Event: 276.006 GC heap before
{Heap before GC invocations=98 (full 0):
 garbage-first heap   total 328704K, used 286183K [0x0000000080000000, 0x0000000100000000)
  region size 1024K, 77 young (78848K), 3 survivors (3072K)
 Metaspace       used 136927K, capacity 140931K, committed 141232K, reserved 1171456K
  class space    used 17127K, capacity 18585K, committed 18688K, reserved 1048576K
}
Event: 276.017 GC heap after
{Heap after GC invocations=99 (full 0):
 garbage-first heap   total 328704K, used 211772K [0x0000000080000000, 0x0000000100000000)
  region size 1024K, 3 young (3072K), 3 survivors (3072K)
 Metaspace       used 136927K, capacity 140931K, committed 141232K, reserved 1171456K
  class space    used 17127K, capacity 18585K, committed 18688K, reserved 1048576K
}
Event: 276.802 GC heap before
{Heap before GC invocations=99 (full 0):
 garbage-first heap   total 328704K, used 287548K [0x0000000080000000, 0x0000000100000000)
  region size 1024K, 77 young (78848K), 3 survivors (3072K)
 Metaspace       used 137200K, capacity 141220K, committed 141488K, reserved 1171456K
  class space    used 17148K, capacity 18617K, committed 18688K, reserved 1048576K
}
Event: 276.824 GC heap after
{Heap after GC invocations=100 (full 0):
 garbage-first heap   total 328704K, used 217191K [0x0000000080000000, 0x0000000100000000)
  region size 1024K, 9 young (9216K), 9 survivors (9216K)
 Metaspace       used 137200K, capacity 141220K, committed 141488K, reserved 1171456K
  class space    used 17148K, capacity 18617K, committed 18688K, reserved 1048576K
}
Event: 277.473 GC heap before
{Heap before GC invocations=100 (full 0):
 garbage-first heap   total 328704K, used 283751K [0x0000000080000000, 0x0000000100000000)
  region size 1024K, 75 young (76800K), 9 survivors (9216K)
 Metaspace       used 137287K, capacity 141285K, committed 141488K, reserved 1171456K
  class space    used 17151K, capacity 18617K, committed 18688K, reserved 1048576K
}
Event: 277.490 GC heap after
{Heap after GC invocations=101 (full 0):
 garbage-first heap   total 328704K, used 215337K [0x0000000080000000, 0x0000000100000000)
  region size 1024K, 2 young (2048K), 2 survivors (2048K)
 Metaspace       used 137287K, capacity 141285K, committed 141488K, reserved 1171456K
  class space    used 17151K, capacity 18617K, committed 18688K, reserved 1048576K
}
Event: 278.552 GC heap before
{Heap before GC invocations=101 (full 0):
 garbage-first heap   total 328704K, used 287017K [0x0000000080000000, 0x0000000100000000)
  region size 1024K, 72 young (73728K), 2 survivors (2048K)
 Metaspace       used 137291K, capacity 141285K, committed 141488K, reserved 1171456K
  class space    used 17151K, capacity 18617K, committed 18688K, reserved 1048576K
}
Event: 278.555 GC heap after
{Heap after GC invocations=102 (full 0):
 garbage-first heap   total 328704K, used 214716K [0x0000000080000000, 0x0000000100000000)
  region size 1024K, 1 young (1024K), 1 survivors (1024K)
 Metaspace       used 137291K, capacity 141285K, committed 141488K, reserved 1171456K
  class space    used 17151K, capacity 18617K, committed 18688K, reserved 1048576K
}
Event: 279.789 GC heap before
{Heap before GC invocations=102 (full 0):
 garbage-first heap   total 328704K, used 276156K [0x0000000080000000, 0x0000000100000000)
  region size 1024K, 47 young (48128K), 1 survivors (1024K)
 Metaspace       used 138248K, capacity 142307K, committed 142384K, reserved 1173504K
  class space    used 17283K, capacity 18800K, committed 18816K, reserved 1048576K
}
Event: 279.799 GC heap after
{Heap after GC invocations=103 (full 0):
 garbage-first heap   total 328704K, used 235795K [0x0000000080000000, 0x0000000100000000)
  region size 1024K, 7 young (7168K), 7 survivors (7168K)
 Metaspace       used 138248K, capacity 142307K, committed 142384K, reserved 1173504K
  class space    used 17283K, capacity 18800K, committed 18816K, reserved 1048576K
}
Event: 280.862 GC heap before
{Heap before GC invocations=104 (full 0):
 garbage-first heap   total 328704K, used 312595K [0x0000000080000000, 0x0000000100000000)
  region size 1024K, 56 young (57344K), 7 survivors (7168K)
 Metaspace       used 138263K, capacity 142112K, committed 142640K, reserved 1173504K
  class space    used 17234K, capacity 18671K, committed 18816K, reserved 1048576K
}
Event: 280.901 GC heap after
{Heap after GC invocations=105 (full 0):
 garbage-first heap   total 336896K, used 260254K [0x0000000080000000, 0x0000000100000000)
  region size 1024K, 7 young (7168K), 7 survivors (7168K)
 Metaspace       used 138263K, capacity 142112K, committed 142640K, reserved 1173504K
  class space    used 17234K, capacity 18671K, committed 18816K, reserved 1048576K
}
Event: 281.416 GC heap before
{Heap before GC invocations=105 (full 0):
 garbage-first heap   total 336896K, used 270494K [0x0000000080000000, 0x0000000100000000)
  region size 1024K, 16 young (16384K), 7 survivors (7168K)
 Metaspace       used 138328K, capacity 142248K, committed 142640K, reserved 1173504K
  class space    used 17248K, capacity 18674K, committed 18816K, reserved 1048576K
}
Event: 281.504 GC heap after
{Heap after GC invocations=106 (full 0):
 garbage-first heap   total 336896K, used 244638K [0x0000000080000000, 0x0000000100000000)
  region size 1024K, 2 young (2048K), 2 survivors (2048K)
 Metaspace       used 138328K, capacity 142248K, committed 142640K, reserved 1173504K
  class space    used 17248K, capacity 18674K, committed 18816K, reserved 1048576K
}
Event: 282.390 GC heap before
{Heap before GC invocations=106 (full 0):
 garbage-first heap   total 336896K, used 283550K [0x0000000080000000, 0x0000000100000000)
  region size 1024K, 40 young (40960K), 2 survivors (2048K)
 Metaspace       used 139230K, capacity 143167K, committed 143536K, reserved 1173504K
  class space    used 17349K, capacity 18796K, committed 18944K, reserved 1048576K
}
Event: 282.438 GC heap after
{Heap after GC invocations=107 (full 0):
 garbage-first heap   total 336896K, used 261120K [0x0000000080000000, 0x0000000100000000)
  region size 1024K, 5 young (5120K), 5 survivors (5120K)
 Metaspace       used 139230K, capacity 143167K, committed 143536K, reserved 1173504K
  class space    used 17349K, capacity 18796K, committed 18944K, reserved 1048576K
}
Event: 282.655 GC heap before
{Heap before GC invocations=107 (full 0):
 garbage-first heap   total 336896K, used 284671K [0x0000000080000000, 0x0000000100000000)
  region size 1024K, 28 young (28672K), 5 survivors (5120K)
 Metaspace       used 139351K, capacity 143235K, committed 143536K, reserved 1173504K
  class space    used 17359K, capacity 18797K, committed 18944K, reserved 1048576K
}
Event: 282.707 GC heap after
{Heap after GC invocations=108 (full 0):
 garbage-first heap   total 450560K, used 273408K [0x0000000080000000, 0x0000000100000000)
  region size 1024K, 4 young (4096K), 4 survivors (4096K)
 Metaspace       used 139351K, capacity 143235K, committed 143536K, reserved 1173504K
  class space    used 17359K, capacity 18797K, committed 18944K, reserved 1048576K
}

