# JRE version: OpenJDK Runtime Environment (11.0.13) (build 11.0.13+0-b1751.21-8125866)
# Java VM: OpenJDK 64-Bit Server VM (11.0.13+0-b1751.21-8125866, mixed mode, tiered, compressed oops, g1 gc, windows-amd64)
Heap:
 garbage-first heap   total 561152K, used 284031K [0x0000000080000000, 0x0000000100000000)
  region size 1024K, 2 young (2048K), 2 survivors (2048K)
 Metaspace       used 123069K, capacity 126688K, committed 126876K, reserved 1159168K
  class space    used 15771K, capacity 17056K, committed 17152K, reserved 1048576K
GC Heap History (20 events):
Event: 84.868 GC heap after
{Heap after GC invocations=65 (full 0):
 garbage-first heap   total 273408K, used 218381K [0x0000000080000000, 0x0000000100000000)
  region size 1024K, 2 young (2048K), 2 survivors (2048K)
 Metaspace       used 120452K, capacity 123956K, committed 124188K, reserved 1157120K
  class space    used 15280K, capacity 16488K, committed 16512K, reserved 1048576K
}
Event: 85.176 GC heap before
{Heap before GC invocations=65 (full 0):
 garbage-first heap   total 273408K, used 235789K [0x0000000080000000, 0x0000000100000000)
  region size 1024K, 20 young (20480K), 2 survivors (2048K)
 Metaspace       used 120667K, capacity 124188K, committed 124316K, reserved 1157120K
  class space    used 15305K, capacity 16522K, committed 16640K, reserved 1048576K
}
Event: 85.200 GC heap after
{Heap after GC invocations=66 (full 0):
 garbage-first heap   total 273408K, used 225648K [0x0000000080000000, 0x0000000100000000)
  region size 1024K, 3 young (3072K), 3 survivors (3072K)
 Metaspace       used 120667K, capacity 124188K, committed 124316K, reserved 1157120K
  class space    used 15305K, capacity 16522K, committed 16640K, reserved 1048576K
}
Event: 85.425 GC heap before
{Heap before GC invocations=66 (full 0):
 garbage-first heap   total 273408K, used 235888K [0x0000000080000000, 0x0000000100000000)
  region size 1024K, 13 young (13312K), 3 survivors (3072K)
 Metaspace       used 120669K, capacity 124188K, committed 124316K, reserved 1157120K
  class space    used 15305K, capacity 16522K, committed 16640K, reserved 1048576K
}
Event: 85.446 GC heap after
{Heap after GC invocations=67 (full 0):
 garbage-first heap   total 273408K, used 230185K [0x0000000080000000, 0x0000000100000000)
  region size 1024K, 2 young (2048K), 2 survivors (2048K)
 Metaspace       used 120669K, capacity 124188K, committed 124316K, reserved 1157120K
  class space    used 15305K, capacity 16522K, committed 16640K, reserved 1048576K
}
Event: 85.604 GC heap before
{Heap before GC invocations=67 (full 0):
 garbage-first heap   total 273408K, used 242473K [0x0000000080000000, 0x0000000100000000)
  region size 1024K, 13 young (13312K), 2 survivors (2048K)
 Metaspace       used 120669K, capacity 124188K, committed 124316K, reserved 1157120K
  class space    used 15305K, capacity 16522K, committed 16640K, reserved 1048576K
}
Event: 85.630 GC heap after
{Heap after GC invocations=68 (full 0):
 garbage-first heap   total 273408K, used 236021K [0x0000000080000000, 0x0000000100000000)
  region size 1024K, 2 young (2048K), 2 survivors (2048K)
 Metaspace       used 120669K, capacity 124188K, committed 124316K, reserved 1157120K
  class space    used 15305K, capacity 16522K, committed 16640K, reserved 1048576K
}
Event: 85.853 GC heap before
{Heap before GC invocations=68 (full 0):
 garbage-first heap   total 273408K, used 247285K [0x0000000080000000, 0x0000000100000000)
  region size 1024K, 13 young (13312K), 2 survivors (2048K)
 Metaspace       used 120691K, capacity 124255K, committed 124572K, reserved 1157120K
  class space    used 15309K, capacity 16523K, committed 16640K, reserved 1048576K
}
Event: 85.887 GC heap after
{Heap after GC invocations=69 (full 0):
 garbage-first heap   total 273408K, used 241664K [0x0000000080000000, 0x0000000100000000)
  region size 1024K, 2 young (2048K), 2 survivors (2048K)
 Metaspace       used 120691K, capacity 124255K, committed 124572K, reserved 1157120K
  class space    used 15309K, capacity 16523K, committed 16640K, reserved 1048576K
}
Event: 86.385 GC heap before
{Heap before GC invocations=70 (full 0):
 garbage-first heap   total 273408K, used 251904K [0x0000000080000000, 0x0000000100000000)
  region size 1024K, 13 young (13312K), 2 survivors (2048K)
 Metaspace       used 122883K, capacity 126528K, committed 126876K, reserved 1159168K
  class space    used 15768K, capacity 17053K, committed 17152K, reserved 1048576K
}
Event: 86.411 GC heap after
{Heap after GC invocations=71 (full 0):
 garbage-first heap   total 273408K, used 245158K [0x0000000080000000, 0x0000000100000000)
  region size 1024K, 2 young (2048K), 2 survivors (2048K)
 Metaspace       used 122883K, capacity 126528K, committed 126876K, reserved 1159168K
  class space    used 15768K, capacity 17053K, committed 17152K, reserved 1048576K
}
Event: 86.590 GC heap before
{Heap before GC invocations=71 (full 0):
 garbage-first heap   total 273408K, used 256422K [0x0000000080000000, 0x0000000100000000)
  region size 1024K, 13 young (13312K), 2 survivors (2048K)
 Metaspace       used 122976K, capacity 126604K, committed 126876K, reserved 1159168K
  class space    used 15768K, capacity 17053K, committed 17152K, reserved 1048576K
}
Event: 86.616 GC heap after
{Heap after GC invocations=72 (full 0):
 garbage-first heap   total 328704K, used 250183K [0x0000000080000000, 0x0000000100000000)
  region size 1024K, 2 young (2048K), 2 survivors (2048K)
 Metaspace       used 122976K, capacity 126604K, committed 126876K, reserved 1159168K
  class space    used 15768K, capacity 17053K, committed 17152K, reserved 1048576K
}
Event: 87.334 GC heap before
{Heap before GC invocations=72 (full 0):
 garbage-first heap   total 328704K, used 268615K [0x0000000080000000, 0x0000000100000000)
  region size 1024K, 21 young (21504K), 2 survivors (2048K)
 Metaspace       used 123040K, capacity 126672K, committed 126876K, reserved 1159168K
  class space    used 15769K, capacity 17054K, committed 17152K, reserved 1048576K
}
Event: 87.412 GC heap after
{Heap after GC invocations=73 (full 0):
 garbage-first heap   total 328704K, used 260385K [0x0000000080000000, 0x0000000100000000)
  region size 1024K, 3 young (3072K), 3 survivors (3072K)
 Metaspace       used 123040K, capacity 126672K, committed 126876K, reserved 1159168K
  class space    used 15769K, capacity 17054K, committed 17152K, reserved 1048576K
}
Event: 87.691 GC heap before
{Heap before GC invocations=73 (full 0):
 garbage-first heap   total 328704K, used 275745K [0x0000000080000000, 0x0000000100000000)
  region size 1024K, 18 young (18432K), 3 survivors (3072K)
 Metaspace       used 123050K, capacity 126674K, committed 126876K, reserved 1159168K
  class space    used 15769K, capacity 17054K, committed 17152K, reserved 1048576K
}
Event: 87.727 GC heap after
{Heap after GC invocations=74 (full 0):
 garbage-first heap   total 328704K, used 268682K [0x0000000080000000, 0x0000000100000000)
  region size 1024K, 3 young (3072K), 3 survivors (3072K)
 Metaspace       used 123050K, capacity 126674K, committed 126876K, reserved 1159168K
  class space    used 15769K, capacity 17054K, committed 17152K, reserved 1048576K
}
Event: 87.861 GC heap before
{Heap before GC invocations=74 (full 0):
 garbage-first heap   total 328704K, used 280970K [0x0000000080000000, 0x0000000100000000)
  region size 1024K, 16 young (16384K), 3 survivors (3072K)
 Metaspace       used 123065K, capacity 126688K, committed 126876K, reserved 1159168K
  class space    used 15771K, capacity 17056K, committed 17152K, reserved 1048576K
}
Event: 87.882 GC heap after
{Heap after GC invocations=75 (full 0):
 garbage-first heap   total 328704K, used 275841K [0x0000000080000000, 0x0000000100000000)
  region size 1024K, 2 young (2048K), 2 survivors (2048K)
 Metaspace       used 123065K, capacity 126688K, committed 126876K, reserved 1159168K
  class space    used 15771K, capacity 17056K, committed 17152K, reserved 1048576K
}
Event: 88.058 GC heap before
{Heap before GC invocations=75 (full 0):
 garbage-first heap   total 328704K, used 290177K [0x0000000080000000, 0x0000000100000000)
  region size 1024K, 16 young (16384K), 2 survivors (2048K)
 Metaspace       used 123069K, capacity 126688K, committed 126876K, reserved 1159168K
  class space    used 15771K, capacity 17056K, committed 17152K, reserved 1048576K
}

