# JRE version: OpenJDK Runtime Environment (11.0.13) (build 11.0.13+0-b1751.21-8125866)
# Java VM: OpenJDK 64-Bit Server VM (11.0.13+0-b1751.21-8125866, mixed mode, tiered, compressed oops, g1 gc, windows-amd64)
Heap:
 garbage-first heap   total 456704K, used 260747K [0x0000000080000000, 0x0000000100000000)
  region size 1024K, 2 young (2048K), 2 survivors (2048K)
 Metaspace       used 116296K, capacity 119465K, committed 119728K, reserved 1153024K
  class space    used 14905K, capacity 16036K, committed 16128K, reserved 1048576K
GC Heap History (20 events):
Event: 67.884 GC heap after
{Heap after GC invocations=72 (full 0):
 garbage-first heap   total 273408K, used 178148K [0x0000000080000000, 0x0000000100000000)
  region size 1024K, 1 young (1024K), 1 survivors (1024K)
 Metaspace       used 109857K, capacity 112867K, committed 113072K, reserved 1146880K
  class space    used 13960K, capacity 15034K, committed 15104K, reserved 1048576K
}
Event: 68.475 GC heap before
{Heap before GC invocations=72 (full 0):
 garbage-first heap   total 273408K, used 201700K [0x0000000080000000, 0x0000000100000000)
  region size 1024K, 26 young (26624K), 1 survivors (1024K)
 Metaspace       used 110811K, capacity 113855K, committed 114096K, reserved 1148928K
  class space    used 14013K, capacity 15104K, committed 15104K, reserved 1048576K
}
Event: 68.490 GC heap after
{Heap after GC invocations=73 (full 0):
 garbage-first heap   total 273408K, used 179233K [0x0000000080000000, 0x0000000100000000)
  region size 1024K, 2 young (2048K), 2 survivors (2048K)
 Metaspace       used 110811K, capacity 113855K, committed 114096K, reserved 1148928K
  class space    used 14013K, capacity 15104K, committed 15104K, reserved 1048576K
}
Event: 69.458 GC heap before
{Heap before GC invocations=74 (full 0):
 garbage-first heap   total 273408K, used 269345K [0x0000000080000000, 0x0000000100000000)
  region size 1024K, 49 young (50176K), 2 survivors (2048K)
 Metaspace       used 113937K, capacity 117055K, committed 117168K, reserved 1150976K
  class space    used 14452K, capacity 15555K, committed 15616K, reserved 1048576K
}
Event: 69.485 GC heap after
{Heap after GC invocations=75 (full 0):
 garbage-first heap   total 289792K, used 221058K [0x0000000080000000, 0x0000000100000000)
  region size 1024K, 7 young (7168K), 7 survivors (7168K)
 Metaspace       used 113937K, capacity 117055K, committed 117168K, reserved 1150976K
  class space    used 14452K, capacity 15555K, committed 15616K, reserved 1048576K
}
Event: 69.588 GC heap before
{Heap before GC invocations=75 (full 0):
 garbage-first heap   total 289792K, used 228226K [0x0000000080000000, 0x0000000100000000)
  region size 1024K, 14 young (14336K), 7 survivors (7168K)
 Metaspace       used 113937K, capacity 117055K, committed 117168K, reserved 1150976K
  class space    used 14452K, capacity 15555K, committed 15616K, reserved 1048576K
}
Event: 69.610 GC heap after
{Heap after GC invocations=76 (full 0):
 garbage-first heap   total 289792K, used 224522K [0x0000000080000000, 0x0000000100000000)
  region size 1024K, 2 young (2048K), 2 survivors (2048K)
 Metaspace       used 113937K, capacity 117055K, committed 117168K, reserved 1150976K
  class space    used 14452K, capacity 15555K, committed 15616K, reserved 1048576K
}
Event: 69.696 GC heap before
{Heap before GC invocations=76 (full 0):
 garbage-first heap   total 289792K, used 230666K [0x0000000080000000, 0x0000000100000000)
  region size 1024K, 9 young (9216K), 2 survivors (2048K)
 Metaspace       used 113939K, capacity 117055K, committed 117168K, reserved 1150976K
  class space    used 14452K, capacity 15555K, committed 15616K, reserved 1048576K
}
Event: 69.712 GC heap after
{Heap after GC invocations=77 (full 0):
 garbage-first heap   total 289792K, used 227701K [0x0000000080000000, 0x0000000100000000)
  region size 1024K, 3 young (3072K), 3 survivors (3072K)
 Metaspace       used 113939K, capacity 117055K, committed 117168K, reserved 1150976K
  class space    used 14452K, capacity 15555K, committed 15616K, reserved 1048576K
}
Event: 69.913 GC heap before
{Heap before GC invocations=77 (full 0):
 garbage-first heap   total 289792K, used 243061K [0x0000000080000000, 0x0000000100000000)
  region size 1024K, 17 young (17408K), 3 survivors (3072K)
 Metaspace       used 113939K, capacity 117055K, committed 117168K, reserved 1150976K
  class space    used 14452K, capacity 15555K, committed 15616K, reserved 1048576K
}
Event: 69.940 GC heap after
{Heap after GC invocations=78 (full 0):
 garbage-first heap   total 289792K, used 235355K [0x0000000080000000, 0x0000000100000000)
  region size 1024K, 3 young (3072K), 3 survivors (3072K)
 Metaspace       used 113939K, capacity 117055K, committed 117168K, reserved 1150976K
  class space    used 14452K, capacity 15555K, committed 15616K, reserved 1048576K
}
Event: 70.249 GC heap before
{Heap before GC invocations=78 (full 0):
 garbage-first heap   total 289792K, used 246619K [0x0000000080000000, 0x0000000100000000)
  region size 1024K, 14 young (14336K), 3 survivors (3072K)
 Metaspace       used 115179K, capacity 118250K, committed 118448K, reserved 1153024K
  class space    used 14773K, capacity 15871K, committed 15872K, reserved 1048576K
}
Event: 70.279 GC heap after
{Heap after GC invocations=79 (full 0):
 garbage-first heap   total 289792K, used 238592K [0x0000000080000000, 0x0000000100000000)
  region size 1024K, 2 young (2048K), 2 survivors (2048K)
 Metaspace       used 115179K, capacity 118250K, committed 118448K, reserved 1153024K
  class space    used 14773K, capacity 15871K, committed 15872K, reserved 1048576K
}
Event: 70.634 GC heap before
{Heap before GC invocations=80 (full 0):
 garbage-first heap   total 289792K, used 250880K [0x0000000080000000, 0x0000000100000000)
  region size 1024K, 14 young (14336K), 2 survivors (2048K)
 Metaspace       used 116199K, capacity 119392K, committed 119728K, reserved 1153024K
  class space    used 14904K, capacity 16035K, committed 16128K, reserved 1048576K
}
Event: 70.667 GC heap after
{Heap after GC invocations=81 (full 0):
 garbage-first heap   total 289792K, used 244114K [0x0000000080000000, 0x0000000100000000)
  region size 1024K, 2 young (2048K), 2 survivors (2048K)
 Metaspace       used 116199K, capacity 119392K, committed 119728K, reserved 1153024K
  class space    used 14904K, capacity 16035K, committed 16128K, reserved 1048576K
}
Event: 70.835 GC heap before
{Heap before GC invocations=81 (full 0):
 garbage-first heap   total 289792K, used 256402K [0x0000000080000000, 0x0000000100000000)
  region size 1024K, 14 young (14336K), 2 survivors (2048K)
 Metaspace       used 116226K, capacity 119395K, committed 119728K, reserved 1153024K
  class space    used 14904K, capacity 16035K, committed 16128K, reserved 1048576K
}
Event: 70.877 GC heap after
{Heap after GC invocations=82 (full 0):
 garbage-first heap   total 289792K, used 247508K [0x0000000080000000, 0x0000000100000000)
  region size 1024K, 2 young (2048K), 2 survivors (2048K)
 Metaspace       used 116226K, capacity 119395K, committed 119728K, reserved 1153024K
  class space    used 14904K, capacity 16035K, committed 16128K, reserved 1048576K
}
Event: 71.000 GC heap before
{Heap before GC invocations=82 (full 0):
 garbage-first heap   total 289792K, used 258772K [0x0000000080000000, 0x0000000100000000)
  region size 1024K, 14 young (14336K), 2 survivors (2048K)
 Metaspace       used 116284K, capacity 119462K, committed 119728K, reserved 1153024K
  class space    used 14905K, capacity 16036K, committed 16128K, reserved 1048576K
}
Event: 71.024 GC heap after
{Heap after GC invocations=83 (full 0):
 garbage-first heap   total 289792K, used 253952K [0x0000000080000000, 0x0000000100000000)
  region size 1024K, 2 young (2048K), 2 survivors (2048K)
 Metaspace       used 116284K, capacity 119462K, committed 119728K, reserved 1153024K
  class space    used 14905K, capacity 16036K, committed 16128K, reserved 1048576K
}
Event: 71.439 GC heap before
{Heap before GC invocations=83 (full 0):
 garbage-first heap   total 289792K, used 265216K [0x0000000080000000, 0x0000000100000000)
  region size 1024K, 14 young (14336K), 2 survivors (2048K)
 Metaspace       used 116296K, capacity 119465K, committed 119728K, reserved 1153024K
  class space    used 14905K, capacity 16036K, committed 16128K, reserved 1048576K
}

